#
# A fatal error has been detected by the Java Runtime Environment:
#
#  EXCEPTION_ACCESS_VIOLATION (0xc0000005) at pc=0x00007fff101518ad, pid=3156, tid=3668
#
# JRE version: OpenJDK Runtime Environment (11.0.10) (build 11.0.10+0-b96-7249189)
# Java VM: OpenJDK 64-Bit Server VM (11.0.10+0-b96-7249189, mixed mode, tiered, compressed oops, g1 gc, windows-amd64)
# Problematic frame:
# C  [opencv_imgproc455.dll+0x1a18ad]
#
# No core dump will be written. Minidumps are not enabled by default on client versions of Windows
#
# If you would like to submit a bug report, please visit:
#   https://bugreport.java.com/bugreport/crash.jsp
# The crash happened outside the Java Virtual Machine in native code.
# See problematic frame for where to report the bug.
#

---------------  S U M M A R Y ------------

Command Line: -Djava.awt.headless=true -Dorg.gradle.internal.worker.tmpdir=C:\Users\Avinoam\AndroidStudioProjects\set_solver\app\build\tmp\testDebugUnitTest\work -Dorg.gradle.native=false --add-opens=java.base/java.util=ALL-UNNAMED --add-opens=java.base/java.lang=ALL-UNNAMED -Xmx512m -Dfile.encoding=UTF-8 -Duser.country=US -Duser.language=en -Duser.variant -ea worker.org.gradle.process.internal.worker.GradleWorkerMain 'Gradle Test Executor 11'

Host: Intel(R) Core(TM) i5-4200M CPU @ 2.50GHz, 4 cores, 15G,  Windows 10 , 64 bit Build 19041 (10.0.19041.1566)
Time: Tue Apr 19 12:46:42 2022 Jerusalem Summer Time elapsed time: 12.573466 seconds (0d 0h 0m 12s)

---------------  T H R E A D  ---------------

Current thread (0x00000211cd420800):  JavaThread "SDK 30 Main Thread" [_thread_in_native, id=3668, stack(0x00000092a7b00000,0x00000092a7c00000)]

Stack: [0x00000092a7b00000,0x00000092a7c00000],  sp=0x00000092a7bfdfa0,  free space=1015k
Native frames: (J=compiled Java code, j=interpreted, Vv=VM code, C=native code)
C  [opencv_imgproc455.dll+0x1a18ad]

Java frames: (J=compiled Java code, j=interpreted, Vv=VM code)
j  org.bytedeco.opencv.global.opencv_imgproc.calcHist(Lorg/bytedeco/opencv/opencv_core/Mat;ILorg/bytedeco/javacpp/IntPointer;Lorg/bytedeco/opencv/opencv_core/Mat;Lorg/bytedeco/opencv/opencv_core/Mat;ILorg/bytedeco/javacpp/IntPointer;Lorg/bytedeco/javacpp/PointerPointer;ZZ)V+0
j  com.avih.set_solver.image_processing.ImageProcessor.calcMatHist(Lorg/bytedeco/opencv/opencv_core/Mat;)Lorg/bytedeco/opencv/opencv_core/Mat;+87
j  com.avih.set_solver.image_processing.ImageProcessor.<init>(Landroid/content/Context;III)V+107
j  com.avih.set_solver.ImageProcTest.testExtractCard_all()V+15
v  ~StubRoutines::call_stub
j  jdk.internal.reflect.NativeMethodAccessorImpl.invoke0(Ljava/lang/reflect/Method;Ljava/lang/Object;[Ljava/lang/Object;)Ljava/lang/Object;+0 java.base@11.0.10
j  jdk.internal.reflect.NativeMethodAccessorImpl.invoke(Ljava/lang/Object;[Ljava/lang/Object;)Ljava/lang/Object;+100 java.base@11.0.10
j  jdk.internal.reflect.DelegatingMethodAccessorImpl.invoke(Ljava/lang/Object;[Ljava/lang/Object;)Ljava/lang/Object;+6 java.base@11.0.10
j  java.lang.reflect.Method.invoke(Ljava/lang/Object;[Ljava/lang/Object;)Ljava/lang/Object;+59 java.base@11.0.10
j  org.junit.runners.model.FrameworkMethod$1.runReflectiveCall()Ljava/lang/Object;+15
j  org.junit.internal.runners.model.ReflectiveCallable.run()Ljava/lang/Object;+1
j  org.junit.runners.model.FrameworkMethod.invokeExplosively(Ljava/lang/Object;[Ljava/lang/Object;)Ljava/lang/Object;+10
j  org.junit.internal.runners.statements.InvokeMethod.evaluate()V+12
j  org.junit.runners.ParentRunner$3.evaluate()V+4
j  org.robolectric.RobolectricTestRunner$HelperTestRunner$1.evaluate()V+4
j  org.robolectric.internal.SandboxTestRunner$2.lambda$evaluate$0(Lorg/robolectric/internal/bytecode/Sandbox;Lorg/junit/runners/model/FrameworkMethod;Lorg/robolectric/util/PerfStatsCollector$Event;)V+127
j  org.robolectric.internal.SandboxTestRunner$2$$Lambda$96.run()V+16
j  org.robolectric.internal.bytecode.Sandbox.lambda$runOnMainThread$0(Ljava/lang/Runnable;)Ljava/lang/Object;+1
j  org.robolectric.internal.bytecode.Sandbox$$Lambda$97.call()Ljava/lang/Object;+4
j  java.util.concurrent.FutureTask.run()V+39 java.base@11.0.10
j  java.util.concurrent.ThreadPoolExecutor.runWorker(Ljava/util/concurrent/ThreadPoolExecutor$Worker;)V+92 java.base@11.0.10
j  java.util.concurrent.ThreadPoolExecutor$Worker.run()V+5 java.base@11.0.10
j  java.lang.Thread.run()V+11 java.base@11.0.10
v  ~StubRoutines::call_stub

siginfo: EXCEPTION_ACCESS_VIOLATION (0xc0000005), reading address 0xffffffffffffffff


Register to memory mapping:

RIP=0x00007fff101518ad opencv_imgproc455.dll
RAX=0x437f000000000000 is an unknown value
RBX=0x0 is NULL
RCX=0x0 is NULL
RDX=0x00000092a7bfe148 is pointing into the stack for thread: 0x00000211cd420800
RSP=0x00000092a7bfdfa0 is pointing into the stack for thread: 0x00000211cd420800
RBP=0x00000092a7bfe108 is pointing into the stack for thread: 0x00000211cd420800
RSI=0x00000211cfda0310 points into unknown readable memory: 0x437f000000000000 | 00 00 00 00 00 00 7f 43
RDI=0x0000000000000001 is an unknown value
R8 =0x0 is NULL
R9 =0x00007fff73ad0000 VCRUNTIME140.dll
R10=0x0 is NULL
R11=0x00000211ce1c5420 points into unknown readable memory: 0x0000000000000000 | 00 00 00 00 00 00 00 00
R12=0x00000211cfda00d0 points into unknown readable memory: 0x0000000000000000 | 00 00 00 00 00 00 00 00
R13=0x0000000000000001 is an unknown value
R14=0x00000092a7bfe0d0 is pointing into the stack for thread: 0x00000211cd420800
R15=0x00000211cc3027c0 points into unknown readable memory: 0x0000000242ff4000 | 00 40 ff 42 02 00 00 00


Registers:
RAX=0x437f000000000000, RBX=0x0000000000000000, RCX=0x0000000000000000, RDX=0x00000092a7bfe148
RSP=0x00000092a7bfdfa0, RBP=0x00000092a7bfe108, RSI=0x00000211cfda0310, RDI=0x0000000000000001
R8 =0x0000000000000000, R9 =0x00007fff73ad0000, R10=0x0000000000000000, R11=0x00000211ce1c5420
R12=0x00000211cfda00d0, R13=0x0000000000000001, R14=0x00000092a7bfe0d0, R15=0x00000211cc3027c0
RIP=0x00007fff101518ad, EFLAGS=0x0000000000010206

Top of Stack: (sp=0x00000092a7bfdfa0)
0x00000092a7bfdfa0:   00000092a7bfe0f0 0000000000000002
0x00000092a7bfdfb0:   00000211cfda0310 00000211ce1c57e0
0x00000092a7bfdfc0:   00000092a7bfdff0 00007fff193d569c
0x00000092a7bfdfd0:   00000002cab56b40 0000006400000000
0x00000092a7bfdfe0:   0001423300000001 00000092a7bfe0f0
0x00000092a7bfdff0:   00000092a7bfe0d8 00000211cc302820
0x00000092a7bfe000:   0000000000000001 00007fff00000001
0x00000092a7bfe010:   00000092a7bfe220 0000de51a27aee69
0x00000092a7bfe020:   00000092a7bfe390 00007fff0ffbd4b1
0x00000092a7bfe030:   0000de51a27aeef9 0000bac536e28efa
0x00000092a7bfe040:   00000211cc3027c0 00000211cfda0310
0x00000092a7bfe050:   00000092a7bfe390 0000000000000001
0x00000092a7bfe060:   0000000000000000 00007fff1014e074
0x00000092a7bfe070:   0000000000000001 00000092a7bfe170
0x00000092a7bfe080:   0000000000000001 0000000000000001
0x00000092a7bfe090:   0000021100000001 00000092a7bfe148 

Instructions: (pc=0x00007fff101518ad)
0x00007fff101517ad:   e6 c9 f2 0f 59 ca f2 0f 11 08 48 89 58 08 66 0f
0x00007fff101517bd:   6e 01 f3 0f e6 c0 f2 0f 59 c2 f2 0f 11 40 10 48
0x00007fff101517cd:   89 58 18 66 0f 6e 49 04 f3 0f e6 c9 f2 0f 59 ca
0x00007fff101517dd:   f2 0f 11 48 20 48 89 58 28 48 8d 49 10 48 8d 40
0x00007fff101517ed:   40 49 83 e8 01 75 9c 48 3b d7 7c 3a 48 8b 8c 24
0x00007fff101517fd:   98 00 00 00 48 33 cc e8 67 d6 2c 00 4c 8d 9c 24
0x00007fff1015180d:   a0 00 00 00 49 8b 5b 30 49 8b 6b 38 49 8b 73 40
0x00007fff1015181d:   49 8b e3 41 5f 41 5e 41 5d 41 5c 5f c3 48 85 ff
0x00007fff1015182d:   7e ca 4c 8b 55 00 48 8b c2 48 c1 e0 04 49 03 c2
0x00007fff1015183d:   66 41 0f 6e 04 91 f3 0f e6 c0 f2 0f 59 c2 f2 0f
0x00007fff1015184d:   11 00 48 89 58 08 48 ff c2 48 8d 40 10 48 3b d7
0x00007fff1015185d:   7c de eb 98 38 9c 24 08 01 00 00 0f 84 8f 00 00
0x00007fff1015186d:   00 49 8b d0 48 8b cd e8 a7 e0 ea ff 39 5c 24 40
0x00007fff1015187d:   0f 8e 76 ff ff ff 48 8b cb 48 8b 94 24 f8 00 00
0x00007fff1015188d:   00 f2 0f 10 25 7a d7 35 00 66 66 0f 1f 84 00 00
0x00007fff1015189d:   00 00 00 48 8b 04 de 48 85 c0 0f 84 a9 00 00 00
0x00007fff101518ad:   f3 0f 10 00 f3 0f 10 58 04 0f 2f d8 0f 86 97 00
0x00007fff101518bd:   00 00 0f 5a c8 66 0f 6e 14 9a f3 0f e6 d2 0f 5a
0x00007fff101518cd:   c3 f2 0f 5c c1 f2 0f 5e d0 48 8b 45 00 f2 0f 11
0x00007fff101518dd:   14 01 0f 57 d4 f2 0f 59 d1 f2 0f 11 54 01 08 48
0x00007fff101518ed:   ff c3 48 83 c1 10 48 3b df 7c a8 e9 fc fe ff ff
0x00007fff101518fd:   48 85 ff 0f 8e f3 fe ff ff 4c 8b c3 4c 8b 8c 24
0x00007fff1015190d:   f8 00 00 00 4b 63 14 81 48 8b c3 48 85 d2 74 2b
0x00007fff1015191d:   4a 8b 0c c6 0f 1f 40 00 66 66 66 0f 1f 84 00 00
0x00007fff1015192d:   00 00 00 f3 0f 10 44 81 04 0f 2f 04 81 0f 86 86
0x00007fff1015193d:   00 00 00 48 ff c0 48 3b c2 72 e8 49 ff c0 4c 3b
0x00007fff1015194d:   c7 0f 8d a5 fe ff ff eb bb 48 8d 15 1b 35 37 00
0x00007fff1015195d:   48 8d 4c 24 78 e8 79 13 e6 ff 90 c7 44 24 20 ca
0x00007fff1015196d:   00 00 00 4c 8d 0d 49 33 37 00 4c 8d 05 12 34 37
0x00007fff1015197d:   00 48 8d 54 24 78 b9 29 ff ff ff e8 01 c9 2c 00
0x00007fff1015198d:   90 48 8d 15 63 34 37 00 48 8d 4c 24 78 e8 41 13
0x00007fff1015199d:   e6 ff 90 c7 44 24 20 a0 00 00 00 4c 8d 0d 11 33 


Stack slot to memory mapping:
stack at sp + 0 slots: 0x00000092a7bfe0f0 is pointing into the stack for thread: 0x00000211cd420800
stack at sp + 1 slots: 0x0000000000000002 is an unknown value
stack at sp + 2 slots: 0x00000211cfda0310 points into unknown readable memory: 0x437f000000000000 | 00 00 00 00 00 00 7f 43
stack at sp + 3 slots: 0x00000211ce1c57e0 points into unknown readable memory: 0x00000211cc321040 | 40 10 32 cc 11 02 00 00
stack at sp + 4 slots: 0x00000092a7bfdff0 is pointing into the stack for thread: 0x00000211cd420800
stack at sp + 5 slots: 0x00007fff193d569c jvm.dll
stack at sp + 6 slots: 0x00000002cab56b40 is an unknown value
stack at sp + 7 slots: 0x0000006400000000 is an unknown value


---------------  P R O C E S S  ---------------

Threads class SMR info:
_java_thread_list=0x00000211cbdb1100, length=16, elements={
0x00000211b3cdf800, 0x00000211c9fe9000, 0x00000211c9ff5000, 0x00000211ca87e000,
0x00000211ca87f000, 0x00000211ca881000, 0x00000211ca884800, 0x00000211ca887800,
0x00000211ca88b000, 0x00000211caa10800, 0x00000211cb721000, 0x00000211cb9db000,
0x00000211cb9df000, 0x00000211cd420800, 0x00000211cebbb800, 0x00000211cadbd000
}

Java Threads: ( => current thread )
  0x00000211b3cdf800 JavaThread "main" [_thread_blocked, id=23184, stack(0x00000092a6200000,0x00000092a6300000)]
  0x00000211c9fe9000 JavaThread "Reference Handler" daemon [_thread_blocked, id=26060, stack(0x00000092a6900000,0x00000092a6a00000)]
  0x00000211c9ff5000 JavaThread "Finalizer" daemon [_thread_blocked, id=26248, stack(0x00000092a6a00000,0x00000092a6b00000)]
  0x00000211ca87e000 JavaThread "Signal Dispatcher" daemon [_thread_blocked, id=5048, stack(0x00000092a6b00000,0x00000092a6c00000)]
  0x00000211ca87f000 JavaThread "Attach Listener" daemon [_thread_blocked, id=10020, stack(0x00000092a6c00000,0x00000092a6d00000)]
  0x00000211ca881000 JavaThread "Service Thread" daemon [_thread_blocked, id=17312, stack(0x00000092a6d00000,0x00000092a6e00000)]
  0x00000211ca884800 JavaThread "C2 CompilerThread0" daemon [_thread_blocked, id=25124, stack(0x00000092a6e00000,0x00000092a6f00000)]
  0x00000211ca887800 JavaThread "C1 CompilerThread0" daemon [_thread_blocked, id=16272, stack(0x00000092a6f00000,0x00000092a7000000)]
  0x00000211ca88b000 JavaThread "Sweeper thread" daemon [_thread_blocked, id=25320, stack(0x00000092a7000000,0x00000092a7100000)]
  0x00000211caa10800 JavaThread "Common-Cleaner" daemon [_thread_blocked, id=20648, stack(0x00000092a7100000,0x00000092a7200000)]
  0x00000211cb721000 JavaThread "Test worker" [_thread_blocked, id=23368, stack(0x00000092a7800000,0x00000092a7900000)]
  0x00000211cb9db000 JavaThread "/127.0.0.1:52421 to /127.0.0.1:52409 workers Thread 2" [_thread_blocked, id=25196, stack(0x00000092a7900000,0x00000092a7a00000)]
  0x00000211cb9df000 JavaThread "/127.0.0.1:52421 to /127.0.0.1:52409 workers Thread 3" [_thread_in_native, id=14576, stack(0x00000092a7a00000,0x00000092a7b00000)]
=>0x00000211cd420800 JavaThread "SDK 30 Main Thread" [_thread_in_native, id=3668, stack(0x00000092a7b00000,0x00000092a7c00000)]
  0x00000211cebbb800 JavaThread "JavaCPP Deallocator" daemon [_thread_blocked, id=25616, stack(0x00000092a7d00000,0x00000092a7e00000)]
  0x00000211cadbd000 JavaThread "C2 CompilerThread1" daemon [_thread_blocked, id=23792, stack(0x00000092a7300000,0x00000092a7400000)]

Other Threads:
  0x00000211ca824000 VMThread "VM Thread" [stack: 0x00000092a6800000,0x00000092a6900000] [id=2568]
  0x00000211cab48800 WatcherThread [stack: 0x00000092a7200000,0x00000092a7300000] [id=25656]
  0x00000211b3cf8000 GCTaskThread "GC Thread#0" [stack: 0x00000092a6300000,0x00000092a6400000] [id=26056]
  0x00000211cb125000 GCTaskThread "GC Thread#1" [stack: 0x00000092a7400000,0x00000092a7500000] [id=21872]
  0x00000211caeab000 GCTaskThread "GC Thread#2" [stack: 0x00000092a7500000,0x00000092a7600000] [id=26612]
  0x00000211caeab800 GCTaskThread "GC Thread#3" [stack: 0x00000092a7600000,0x00000092a7700000] [id=6028]
  0x00000211b3d08000 ConcurrentGCThread "G1 Main Marker" [stack: 0x00000092a6400000,0x00000092a6500000] [id=16504]
  0x00000211b3d0a800 ConcurrentGCThread "G1 Conc#0" [stack: 0x00000092a6500000,0x00000092a6600000] [id=19980]
  0x00000211c9e58800 ConcurrentGCThread "G1 Refine#0" [stack: 0x00000092a6600000,0x00000092a6700000] [id=26512]
  0x00000211cf5e3800 ConcurrentGCThread "G1 Refine#1" [stack: 0x00000092a7c00000,0x00000092a7d00000] [id=17136]
  0x00000211c9e59800 ConcurrentGCThread "G1 Young RemSet Sampling" [stack: 0x00000092a6700000,0x00000092a6800000] [id=26052]

Threads with active compile tasks:

VM state:not at safepoint (normal execution)

VM Mutex/Monitor currently owned by a thread: None

Heap address: 0x00000000e0000000, size: 512 MB, Compressed Oops mode: 32-bit
Narrow klass base: 0x0000000000000000, Narrow klass shift: 3
Compressed class space size: 1073741824 Address: 0x0000000100000000

Heap:
 garbage-first heap   total 262144K, used 151378K [0x00000000e0000000, 0x0000000100000000)
  region size 1024K, 72 young (73728K), 1 survivors (1024K)
 Metaspace       used 49805K, capacity 52644K, committed 52816K, reserved 1095680K
  class space    used 4933K, capacity 6310K, committed 6400K, reserved 1048576K
Heap Regions: E=young(eden), S=young(survivor), O=old, HS=humongous(starts), HC=humongous(continues), CS=collection set, F=free, A=archive, TAMS=top-at-mark-start (previous, next)
|   0|0x00000000e0000000, 0x00000000e0100000, 0x00000000e0100000|100%| O|  |TAMS 0x00000000e0100000, 0x00000000e0000000| Untracked 
|   1|0x00000000e0100000, 0x00000000e0200000, 0x00000000e0200000|100%| O|  |TAMS 0x00000000e0200000, 0x00000000e0100000| Untracked 
|   2|0x00000000e0200000, 0x00000000e0300000, 0x00000000e0300000|100%| O|  |TAMS 0x00000000e0300000, 0x00000000e0200000| Untracked 
|   3|0x00000000e0300000, 0x00000000e0400000, 0x00000000e0400000|100%| O|  |TAMS 0x00000000e0400000, 0x00000000e0300000| Untracked 
|   4|0x00000000e0400000, 0x00000000e0500000, 0x00000000e0500000|100%| O|  |TAMS 0x00000000e0500000, 0x00000000e0400000| Untracked 
|   5|0x00000000e0500000, 0x00000000e0600000, 0x00000000e0600000|100%| O|  |TAMS 0x00000000e0600000, 0x00000000e0500000| Untracked 
|   6|0x00000000e0600000, 0x00000000e0700000, 0x00000000e0700000|100%| O|  |TAMS 0x00000000e0700000, 0x00000000e0600000| Untracked 
|   7|0x00000000e0700000, 0x00000000e0800000, 0x00000000e0800000|100%| O|  |TAMS 0x00000000e0800000, 0x00000000e0700000| Untracked 
|   8|0x00000000e0800000, 0x00000000e0900000, 0x00000000e0900000|100%|HS|  |TAMS 0x00000000e0900000, 0x00000000e0800000| Complete 
|   9|0x00000000e0900000, 0x00000000e0a00000, 0x00000000e0a00000|100%|HC|  |TAMS 0x00000000e0a00000, 0x00000000e0900000| Complete 
|  10|0x00000000e0a00000, 0x00000000e0b00000, 0x00000000e0b00000|100%|HC|  |TAMS 0x00000000e0b00000, 0x00000000e0a00000| Complete 
|  11|0x00000000e0b00000, 0x00000000e0c00000, 0x00000000e0c00000|100%|HC|  |TAMS 0x00000000e0c00000, 0x00000000e0b00000| Complete 
|  12|0x00000000e0c00000, 0x00000000e0d00000, 0x00000000e0d00000|100%|HC|  |TAMS 0x00000000e0d00000, 0x00000000e0c00000| Complete 
|  13|0x00000000e0d00000, 0x00000000e0e00000, 0x00000000e0e00000|100%|HC|  |TAMS 0x00000000e0e00000, 0x00000000e0d00000| Complete 
|  14|0x00000000e0e00000, 0x00000000e0f00000, 0x00000000e0f00000|100%|HS|  |TAMS 0x00000000e0f00000, 0x00000000e0e00000| Complete 
|  15|0x00000000e0f00000, 0x00000000e1000000, 0x00000000e1000000|100%| O|  |TAMS 0x00000000e1000000, 0x00000000e0f00000| Untracked 
|  16|0x00000000e1000000, 0x00000000e1100000, 0x00000000e1100000|100%| O|  |TAMS 0x00000000e1100000, 0x00000000e1000000| Untracked 
|  17|0x00000000e1100000, 0x00000000e1200000, 0x00000000e1200000|100%| O|  |TAMS 0x00000000e1200000, 0x00000000e1100000| Untracked 
|  18|0x00000000e1200000, 0x00000000e1300000, 0x00000000e1300000|100%| O|  |TAMS 0x00000000e1300000, 0x00000000e1200000| Untracked 
|  19|0x00000000e1300000, 0x00000000e1400000, 0x00000000e1400000|100%| O|  |TAMS 0x00000000e1400000, 0x00000000e1300000| Untracked 
|  20|0x00000000e1400000, 0x00000000e1500000, 0x00000000e1500000|100%|HS|  |TAMS 0x00000000e1500000, 0x00000000e1400000| Complete 
|  21|0x00000000e1500000, 0x00000000e1600000, 0x00000000e1600000|100%| O|  |TAMS 0x00000000e1600000, 0x00000000e1500000| Untracked 
|  22|0x00000000e1600000, 0x00000000e1700000, 0x00000000e1700000|100%| O|  |TAMS 0x00000000e1700000, 0x00000000e1600000| Untracked 
|  23|0x00000000e1700000, 0x00000000e1800000, 0x00000000e1800000|100%| O|  |TAMS 0x00000000e1800000, 0x00000000e1700000| Untracked 
|  24|0x00000000e1800000, 0x00000000e1900000, 0x00000000e1900000|100%| O|  |TAMS 0x00000000e1900000, 0x00000000e1800000| Untracked 
|  25|0x00000000e1900000, 0x00000000e1a00000, 0x00000000e1a00000|100%| O|  |TAMS 0x00000000e1a00000, 0x00000000e1900000| Untracked 
|  26|0x00000000e1a00000, 0x00000000e1b00000, 0x00000000e1b00000|100%| O|  |TAMS 0x00000000e1b00000, 0x00000000e1a00000| Untracked 
|  27|0x00000000e1b00000, 0x00000000e1c00000, 0x00000000e1c00000|100%| O|  |TAMS 0x00000000e1c00000, 0x00000000e1b00000| Untracked 
|  28|0x00000000e1c00000, 0x00000000e1d00000, 0x00000000e1d00000|100%| O|  |TAMS 0x00000000e1d00000, 0x00000000e1c00000| Untracked 
|  29|0x00000000e1d00000, 0x00000000e1e00000, 0x00000000e1e00000|100%| O|  |TAMS 0x00000000e1e00000, 0x00000000e1d00000| Untracked 
|  30|0x00000000e1e00000, 0x00000000e1f00000, 0x00000000e1f00000|100%| O|  |TAMS 0x00000000e1f00000, 0x00000000e1e00000| Untracked 
|  31|0x00000000e1f00000, 0x00000000e2000000, 0x00000000e2000000|100%| O|  |TAMS 0x00000000e2000000, 0x00000000e1f00000| Untracked 
|  32|0x00000000e2000000, 0x00000000e2100000, 0x00000000e2100000|100%| O|  |TAMS 0x00000000e2100000, 0x00000000e2000000| Untracked 
|  33|0x00000000e2100000, 0x00000000e2200000, 0x00000000e2200000|100%| O|  |TAMS 0x00000000e2200000, 0x00000000e2100000| Untracked 
|  34|0x00000000e2200000, 0x00000000e2300000, 0x00000000e2300000|100%| O|  |TAMS 0x00000000e2300000, 0x00000000e2200000| Untracked 
|  35|0x00000000e2300000, 0x00000000e2400000, 0x00000000e2400000|100%| O|  |TAMS 0x00000000e2400000, 0x00000000e2300000| Untracked 
|  36|0x00000000e2400000, 0x00000000e2500000, 0x00000000e2500000|100%| O|  |TAMS 0x00000000e2500000, 0x00000000e2400000| Untracked 
|  37|0x00000000e2500000, 0x00000000e2600000, 0x00000000e2600000|100%|HS|  |TAMS 0x00000000e2600000, 0x00000000e2500000| Complete 
|  38|0x00000000e2600000, 0x00000000e2700000, 0x00000000e2700000|100%|HC|  |TAMS 0x00000000e2700000, 0x00000000e2600000| Complete 
|  39|0x00000000e2700000, 0x00000000e2800000, 0x00000000e2800000|100%|HC|  |TAMS 0x00000000e2800000, 0x00000000e2700000| Complete 
|  40|0x00000000e2800000, 0x00000000e2900000, 0x00000000e2900000|100%|HC|  |TAMS 0x00000000e2900000, 0x00000000e2800000| Complete 
|  41|0x00000000e2900000, 0x00000000e2a00000, 0x00000000e2a00000|100%|HC|  |TAMS 0x00000000e2a00000, 0x00000000e2900000| Complete 
|  42|0x00000000e2a00000, 0x00000000e2b00000, 0x00000000e2b00000|100%|HC|  |TAMS 0x00000000e2b00000, 0x00000000e2a00000| Complete 
|  43|0x00000000e2b00000, 0x00000000e2c00000, 0x00000000e2c00000|100%|HC|  |TAMS 0x00000000e2c00000, 0x00000000e2b00000| Complete 
|  44|0x00000000e2c00000, 0x00000000e2d00000, 0x00000000e2d00000|100%|HC|  |TAMS 0x00000000e2d00000, 0x00000000e2c00000| Complete 
|  45|0x00000000e2d00000, 0x00000000e2e00000, 0x00000000e2e00000|100%|HC|  |TAMS 0x00000000e2e00000, 0x00000000e2d00000| Complete 
|  46|0x00000000e2e00000, 0x00000000e2f00000, 0x00000000e2f00000|100%|HC|  |TAMS 0x00000000e2f00000, 0x00000000e2e00000| Complete 
|  47|0x00000000e2f00000, 0x00000000e3000000, 0x00000000e3000000|100%|HC|  |TAMS 0x00000000e3000000, 0x00000000e2f00000| Complete 
|  48|0x00000000e3000000, 0x00000000e3100000, 0x00000000e3100000|100%|HC|  |TAMS 0x00000000e3100000, 0x00000000e3000000| Complete 
|  49|0x00000000e3100000, 0x00000000e3200000, 0x00000000e3200000|100%|HC|  |TAMS 0x00000000e3200000, 0x00000000e3100000| Complete 
|  50|0x00000000e3200000, 0x00000000e3300000, 0x00000000e3300000|100%|HC|  |TAMS 0x00000000e3300000, 0x00000000e3200000| Complete 
|  51|0x00000000e3300000, 0x00000000e3400000, 0x00000000e3400000|100%|HC|  |TAMS 0x00000000e3400000, 0x00000000e3300000| Complete 
|  52|0x00000000e3400000, 0x00000000e3500000, 0x00000000e3500000|100%|HC|  |TAMS 0x00000000e3500000, 0x00000000e3400000| Complete 
|  53|0x00000000e3500000, 0x00000000e3600000, 0x00000000e3600000|100%|HC|  |TAMS 0x00000000e3600000, 0x00000000e3500000| Complete 
|  54|0x00000000e3600000, 0x00000000e3700000, 0x00000000e3700000|100%|HC|  |TAMS 0x00000000e3700000, 0x00000000e3600000| Complete 
|  55|0x00000000e3700000, 0x00000000e3800000, 0x00000000e3800000|100%|HC|  |TAMS 0x00000000e3800000, 0x00000000e3700000| Complete 
|  56|0x00000000e3800000, 0x00000000e3900000, 0x00000000e3900000|100%|HC|  |TAMS 0x00000000e3900000, 0x00000000e3800000| Complete 
|  57|0x00000000e3900000, 0x00000000e3a00000, 0x00000000e3a00000|100%|HC|  |TAMS 0x00000000e3a00000, 0x00000000e3900000| Complete 
|  58|0x00000000e3a00000, 0x00000000e3b00000, 0x00000000e3b00000|100%|HC|  |TAMS 0x00000000e3b00000, 0x00000000e3a00000| Complete 
|  59|0x00000000e3b00000, 0x00000000e3c00000, 0x00000000e3c00000|100%|HC|  |TAMS 0x00000000e3c00000, 0x00000000e3b00000| Complete 
|  60|0x00000000e3c00000, 0x00000000e3d00000, 0x00000000e3d00000|100%|HC|  |TAMS 0x00000000e3d00000, 0x00000000e3c00000| Complete 
|  61|0x00000000e3d00000, 0x00000000e3e00000, 0x00000000e3e00000|100%|HC|  |TAMS 0x00000000e3e00000, 0x00000000e3d00000| Complete 
|  62|0x00000000e3e00000, 0x00000000e3f00000, 0x00000000e3f00000|100%|HC|  |TAMS 0x00000000e3f00000, 0x00000000e3e00000| Complete 
|  63|0x00000000e3f00000, 0x00000000e4000000, 0x00000000e4000000|100%|HC|  |TAMS 0x00000000e4000000, 0x00000000e3f00000| Complete 
|  64|0x00000000e4000000, 0x00000000e4100000, 0x00000000e4100000|100%|HC|  |TAMS 0x00000000e4100000, 0x00000000e4000000| Complete 
|  65|0x00000000e4100000, 0x00000000e4200000, 0x00000000e4200000|100%|HC|  |TAMS 0x00000000e4200000, 0x00000000e4100000| Complete 
|  66|0x00000000e4200000, 0x00000000e4300000, 0x00000000e4300000|100%|HC|  |TAMS 0x00000000e4300000, 0x00000000e4200000| Complete 
|  67|0x00000000e4300000, 0x00000000e4400000, 0x00000000e4400000|100%|HC|  |TAMS 0x00000000e4400000, 0x00000000e4300000| Complete 
|  68|0x00000000e4400000, 0x00000000e4500000, 0x00000000e4500000|100%|HC|  |TAMS 0x00000000e4500000, 0x00000000e4400000| Complete 
|  69|0x00000000e4500000, 0x00000000e4600000, 0x00000000e4600000|100%|HC|  |TAMS 0x00000000e4600000, 0x00000000e4500000| Complete 
|  70|0x00000000e4600000, 0x00000000e4700000, 0x00000000e4700000|100%| O|  |TAMS 0x00000000e4700000, 0x00000000e4600000| Untracked 
|  71|0x00000000e4700000, 0x00000000e4800000, 0x00000000e4800000|100%| O|  |TAMS 0x00000000e4800000, 0x00000000e4700000| Untracked 
|  72|0x00000000e4800000, 0x00000000e4900000, 0x00000000e4900000|100%| O|  |TAMS 0x00000000e4800000, 0x00000000e4800000| Untracked 
|  73|0x00000000e4900000, 0x00000000e4a00000, 0x00000000e4a00000|100%| O|  |TAMS 0x00000000e4900000, 0x00000000e4900000| Untracked 
|  74|0x00000000e4a00000, 0x00000000e4b00000, 0x00000000e4b00000|100%| O|  |TAMS 0x00000000e4a00000, 0x00000000e4a00000| Untracked 
|  75|0x00000000e4b00000, 0x00000000e4c00000, 0x00000000e4c00000|100%| O|  |TAMS 0x00000000e4b00000, 0x00000000e4b00000| Untracked 
|  76|0x00000000e4c00000, 0x00000000e4d00000, 0x00000000e4d00000|100%| O|  |TAMS 0x00000000e4c00000, 0x00000000e4c00000| Untracked 
|  77|0x00000000e4d00000, 0x00000000e4d83600, 0x00000000e4e00000| 51%| O|  |TAMS 0x00000000e4d00000, 0x00000000e4d00000| Untracked 
|  78|0x00000000e4e00000, 0x00000000e4e00000, 0x00000000e4f00000|  0%| F|  |TAMS 0x00000000e4e00000, 0x00000000e4e00000| Untracked 
|  79|0x00000000e4f00000, 0x00000000e4f00000, 0x00000000e5000000|  0%| F|  |TAMS 0x00000000e4f00000, 0x00000000e4f00000| Untracked 
|  80|0x00000000e5000000, 0x00000000e5000000, 0x00000000e5100000|  0%| F|  |TAMS 0x00000000e5000000, 0x00000000e5000000| Untracked 
|  81|0x00000000e5100000, 0x00000000e5100000, 0x00000000e5200000|  0%| F|  |TAMS 0x00000000e5100000, 0x00000000e5100000| Untracked 
|  82|0x00000000e5200000, 0x00000000e5200000, 0x00000000e5300000|  0%| F|  |TAMS 0x00000000e5200000, 0x00000000e5200000| Untracked 
|  83|0x00000000e5300000, 0x00000000e5300000, 0x00000000e5400000|  0%| F|  |TAMS 0x00000000e5300000, 0x00000000e5300000| Untracked 
|  84|0x00000000e5400000, 0x00000000e5400000, 0x00000000e5500000|  0%| F|  |TAMS 0x00000000e5400000, 0x00000000e5400000| Untracked 
|  85|0x00000000e5500000, 0x00000000e5500000, 0x00000000e5600000|  0%| F|  |TAMS 0x00000000e5500000, 0x00000000e5500000| Untracked 
|  86|0x00000000e5600000, 0x00000000e5600000, 0x00000000e5700000|  0%| F|  |TAMS 0x00000000e5600000, 0x00000000e5600000| Untracked 
|  87|0x00000000e5700000, 0x00000000e5700000, 0x00000000e5800000|  0%| F|  |TAMS 0x00000000e5700000, 0x00000000e5700000| Untracked 
|  88|0x00000000e5800000, 0x00000000e5800000, 0x00000000e5900000|  0%| F|  |TAMS 0x00000000e5800000, 0x00000000e5800000| Untracked 
|  89|0x00000000e5900000, 0x00000000e5900000, 0x00000000e5a00000|  0%| F|  |TAMS 0x00000000e5900000, 0x00000000e5900000| Untracked 
|  90|0x00000000e5a00000, 0x00000000e5a00000, 0x00000000e5b00000|  0%| F|  |TAMS 0x00000000e5a00000, 0x00000000e5a00000| Untracked 
|  91|0x00000000e5b00000, 0x00000000e5b00000, 0x00000000e5c00000|  0%| F|  |TAMS 0x00000000e5b00000, 0x00000000e5b00000| Untracked 
|  92|0x00000000e5c00000, 0x00000000e5c00000, 0x00000000e5d00000|  0%| F|  |TAMS 0x00000000e5c00000, 0x00000000e5c00000| Untracked 
|  93|0x00000000e5d00000, 0x00000000e5d00000, 0x00000000e5e00000|  0%| F|  |TAMS 0x00000000e5d00000, 0x00000000e5d00000| Untracked 
|  94|0x00000000e5e00000, 0x00000000e5e00000, 0x00000000e5f00000|  0%| F|  |TAMS 0x00000000e5e00000, 0x00000000e5e00000| Untracked 
|  95|0x00000000e5f00000, 0x00000000e5f00000, 0x00000000e6000000|  0%| F|  |TAMS 0x00000000e5f00000, 0x00000000e5f00000| Untracked 
|  96|0x00000000e6000000, 0x00000000e6000000, 0x00000000e6100000|  0%| F|  |TAMS 0x00000000e6000000, 0x00000000e6000000| Untracked 
|  97|0x00000000e6100000, 0x00000000e6100000, 0x00000000e6200000|  0%| F|  |TAMS 0x00000000e6100000, 0x00000000e6100000| Untracked 
|  98|0x00000000e6200000, 0x00000000e6200000, 0x00000000e6300000|  0%| F|  |TAMS 0x00000000e6200000, 0x00000000e6200000| Untracked 
|  99|0x00000000e6300000, 0x00000000e6300000, 0x00000000e6400000|  0%| F|  |TAMS 0x00000000e6300000, 0x00000000e6300000| Untracked 
| 100|0x00000000e6400000, 0x00000000e6400000, 0x00000000e6500000|  0%| F|  |TAMS 0x00000000e6400000, 0x00000000e6400000| Untracked 
| 101|0x00000000e6500000, 0x00000000e6500000, 0x00000000e6600000|  0%| F|  |TAMS 0x00000000e6500000, 0x00000000e6500000| Untracked 
| 102|0x00000000e6600000, 0x00000000e6600000, 0x00000000e6700000|  0%| F|  |TAMS 0x00000000e6600000, 0x00000000e6600000| Untracked 
| 103|0x00000000e6700000, 0x00000000e6700000, 0x00000000e6800000|  0%| F|  |TAMS 0x00000000e6700000, 0x00000000e6700000| Untracked 
| 104|0x00000000e6800000, 0x00000000e6800000, 0x00000000e6900000|  0%| F|  |TAMS 0x00000000e6800000, 0x00000000e6800000| Untracked 
| 105|0x00000000e6900000, 0x00000000e6900000, 0x00000000e6a00000|  0%| F|  |TAMS 0x00000000e6900000, 0x00000000e6900000| Untracked 
| 106|0x00000000e6a00000, 0x00000000e6a00000, 0x00000000e6b00000|  0%| F|  |TAMS 0x00000000e6a00000, 0x00000000e6a00000| Untracked 
| 107|0x00000000e6b00000, 0x00000000e6b00000, 0x00000000e6c00000|  0%| F|  |TAMS 0x00000000e6b00000, 0x00000000e6b00000| Untracked 
| 108|0x00000000e6c00000, 0x00000000e6c51488, 0x00000000e6d00000| 31%| S|CS|TAMS 0x00000000e6c00000, 0x00000000e6c00000| Complete 
| 109|0x00000000e6d00000, 0x00000000e6d00000, 0x00000000e6e00000|  0%| F|  |TAMS 0x00000000e6d00000, 0x00000000e6d00000| Untracked 
| 110|0x00000000e6e00000, 0x00000000e6e00000, 0x00000000e6f00000|  0%| F|  |TAMS 0x00000000e6e00000, 0x00000000e6e00000| Untracked 
| 111|0x00000000e6f00000, 0x00000000e6f00000, 0x00000000e7000000|  0%| F|  |TAMS 0x00000000e6f00000, 0x00000000e6f00000| Untracked 
| 112|0x00000000e7000000, 0x00000000e7000000, 0x00000000e7100000|  0%| F|  |TAMS 0x00000000e7000000, 0x00000000e7000000| Untracked 
| 113|0x00000000e7100000, 0x00000000e7100000, 0x00000000e7200000|  0%| F|  |TAMS 0x00000000e7100000, 0x00000000e7100000| Untracked 
| 114|0x00000000e7200000, 0x00000000e7200000, 0x00000000e7300000|  0%| F|  |TAMS 0x00000000e7200000, 0x00000000e7200000| Untracked 
| 115|0x00000000e7300000, 0x00000000e7300000, 0x00000000e7400000|  0%| F|  |TAMS 0x00000000e7300000, 0x00000000e7300000| Untracked 
| 116|0x00000000e7400000, 0x00000000e7400000, 0x00000000e7500000|  0%| F|  |TAMS 0x00000000e7400000, 0x00000000e7400000| Untracked 
| 117|0x00000000e7500000, 0x00000000e7500000, 0x00000000e7600000|  0%| F|  |TAMS 0x00000000e7500000, 0x00000000e7500000| Untracked 
| 118|0x00000000e7600000, 0x00000000e7600000, 0x00000000e7700000|  0%| F|  |TAMS 0x00000000e7600000, 0x00000000e7600000| Untracked 
| 119|0x00000000e7700000, 0x00000000e7700000, 0x00000000e7800000|  0%| F|  |TAMS 0x00000000e7700000, 0x00000000e7700000| Untracked 
| 120|0x00000000e7800000, 0x00000000e7800000, 0x00000000e7900000|  0%| F|  |TAMS 0x00000000e7800000, 0x00000000e7800000| Untracked 
| 121|0x00000000e7900000, 0x00000000e7900000, 0x00000000e7a00000|  0%| F|  |TAMS 0x00000000e7900000, 0x00000000e7900000| Untracked 
| 122|0x00000000e7a00000, 0x00000000e7a00000, 0x00000000e7b00000|  0%| F|  |TAMS 0x00000000e7a00000, 0x00000000e7a00000| Untracked 
| 123|0x00000000e7b00000, 0x00000000e7b00000, 0x00000000e7c00000|  0%| F|  |TAMS 0x00000000e7b00000, 0x00000000e7b00000| Untracked 
| 124|0x00000000e7c00000, 0x00000000e7c00000, 0x00000000e7d00000|  0%| F|  |TAMS 0x00000000e7c00000, 0x00000000e7c00000| Untracked 
| 125|0x00000000e7d00000, 0x00000000e7d00000, 0x00000000e7e00000|  0%| F|  |TAMS 0x00000000e7d00000, 0x00000000e7d00000| Untracked 
| 126|0x00000000e7e00000, 0x00000000e7e00000, 0x00000000e7f00000|  0%| F|  |TAMS 0x00000000e7e00000, 0x00000000e7e00000| Untracked 
| 127|0x00000000e7f00000, 0x00000000e7f00000, 0x00000000e8000000|  0%| F|  |TAMS 0x00000000e7f00000, 0x00000000e7f00000| Untracked 
| 128|0x00000000e8000000, 0x00000000e8000000, 0x00000000e8100000|  0%| F|  |TAMS 0x00000000e8000000, 0x00000000e8000000| Untracked 
| 129|0x00000000e8100000, 0x00000000e8100000, 0x00000000e8200000|  0%| F|  |TAMS 0x00000000e8100000, 0x00000000e8100000| Untracked 
| 130|0x00000000e8200000, 0x00000000e8200000, 0x00000000e8300000|  0%| F|  |TAMS 0x00000000e8200000, 0x00000000e8200000| Untracked 
| 131|0x00000000e8300000, 0x00000000e8300000, 0x00000000e8400000|  0%| F|  |TAMS 0x00000000e8300000, 0x00000000e8300000| Untracked 
| 132|0x00000000e8400000, 0x00000000e8400000, 0x00000000e8500000|  0%| F|  |TAMS 0x00000000e8400000, 0x00000000e8400000| Untracked 
| 133|0x00000000e8500000, 0x00000000e8500000, 0x00000000e8600000|  0%| F|  |TAMS 0x00000000e8500000, 0x00000000e8500000| Untracked 
| 134|0x00000000e8600000, 0x00000000e8600000, 0x00000000e8700000|  0%| F|  |TAMS 0x00000000e8600000, 0x00000000e8600000| Untracked 
| 135|0x00000000e8700000, 0x00000000e8700000, 0x00000000e8800000|  0%| F|  |TAMS 0x00000000e8700000, 0x00000000e8700000| Untracked 
| 136|0x00000000e8800000, 0x00000000e8800000, 0x00000000e8900000|  0%| F|  |TAMS 0x00000000e8800000, 0x00000000e8800000| Untracked 
| 137|0x00000000e8900000, 0x00000000e8900000, 0x00000000e8a00000|  0%| F|  |TAMS 0x00000000e8900000, 0x00000000e8900000| Untracked 
| 138|0x00000000e8a00000, 0x00000000e8a00000, 0x00000000e8b00000|  0%| F|  |TAMS 0x00000000e8a00000, 0x00000000e8a00000| Untracked 
| 139|0x00000000e8b00000, 0x00000000e8b00000, 0x00000000e8c00000|  0%| F|  |TAMS 0x00000000e8b00000, 0x00000000e8b00000| Untracked 
| 140|0x00000000e8c00000, 0x00000000e8c00000, 0x00000000e8d00000|  0%| F|  |TAMS 0x00000000e8c00000, 0x00000000e8c00000| Untracked 
| 141|0x00000000e8d00000, 0x00000000e8d00000, 0x00000000e8e00000|  0%| F|  |TAMS 0x00000000e8d00000, 0x00000000e8d00000| Untracked 
| 142|0x00000000e8e00000, 0x00000000e8e00000, 0x00000000e8f00000|  0%| F|  |TAMS 0x00000000e8e00000, 0x00000000e8e00000| Untracked 
| 143|0x00000000e8f00000, 0x00000000e8f00000, 0x00000000e9000000|  0%| F|  |TAMS 0x00000000e8f00000, 0x00000000e8f00000| Untracked 
| 144|0x00000000e9000000, 0x00000000e9000000, 0x00000000e9100000|  0%| F|  |TAMS 0x00000000e9000000, 0x00000000e9000000| Untracked 
| 145|0x00000000e9100000, 0x00000000e9100000, 0x00000000e9200000|  0%| F|  |TAMS 0x00000000e9100000, 0x00000000e9100000| Untracked 
| 146|0x00000000e9200000, 0x00000000e9200000, 0x00000000e9300000|  0%| F|  |TAMS 0x00000000e9200000, 0x00000000e9200000| Untracked 
| 147|0x00000000e9300000, 0x00000000e9300000, 0x00000000e9400000|  0%| F|  |TAMS 0x00000000e9300000, 0x00000000e9300000| Untracked 
| 148|0x00000000e9400000, 0x00000000e9400000, 0x00000000e9500000|  0%| F|  |TAMS 0x00000000e9400000, 0x00000000e9400000| Untracked 
| 149|0x00000000e9500000, 0x00000000e9500000, 0x00000000e9600000|  0%| F|  |TAMS 0x00000000e9500000, 0x00000000e9500000| Untracked 
| 150|0x00000000e9600000, 0x00000000e9600000, 0x00000000e9700000|  0%| F|  |TAMS 0x00000000e9600000, 0x00000000e9600000| Untracked 
| 151|0x00000000e9700000, 0x00000000e9700000, 0x00000000e9800000|  0%| F|  |TAMS 0x00000000e9700000, 0x00000000e9700000| Untracked 
| 152|0x00000000e9800000, 0x00000000e9800000, 0x00000000e9900000|  0%| F|  |TAMS 0x00000000e9800000, 0x00000000e9800000| Untracked 
| 153|0x00000000e9900000, 0x00000000e9900000, 0x00000000e9a00000|  0%| F|  |TAMS 0x00000000e9900000, 0x00000000e9900000| Untracked 
| 154|0x00000000e9a00000, 0x00000000e9a00000, 0x00000000e9b00000|  0%| F|  |TAMS 0x00000000e9a00000, 0x00000000e9a00000| Untracked 
| 155|0x00000000e9b00000, 0x00000000e9b00000, 0x00000000e9c00000|  0%| F|  |TAMS 0x00000000e9b00000, 0x00000000e9b00000| Untracked 
| 156|0x00000000e9c00000, 0x00000000e9c00000, 0x00000000e9d00000|  0%| F|  |TAMS 0x00000000e9c00000, 0x00000000e9c00000| Untracked 
| 157|0x00000000e9d00000, 0x00000000e9d00000, 0x00000000e9e00000|  0%| F|  |TAMS 0x00000000e9d00000, 0x00000000e9d00000| Untracked 
| 158|0x00000000e9e00000, 0x00000000e9e00000, 0x00000000e9f00000|  0%| F|  |TAMS 0x00000000e9e00000, 0x00000000e9e00000| Untracked 
| 159|0x00000000e9f00000, 0x00000000e9f00000, 0x00000000ea000000|  0%| F|  |TAMS 0x00000000e9f00000, 0x00000000e9f00000| Untracked 
| 160|0x00000000ea000000, 0x00000000ea000000, 0x00000000ea100000|  0%| F|  |TAMS 0x00000000ea000000, 0x00000000ea000000| Untracked 
| 161|0x00000000ea100000, 0x00000000ea100000, 0x00000000ea200000|  0%| F|  |TAMS 0x00000000ea100000, 0x00000000ea100000| Untracked 
| 162|0x00000000ea200000, 0x00000000ea200000, 0x00000000ea300000|  0%| F|  |TAMS 0x00000000ea200000, 0x00000000ea200000| Untracked 
| 163|0x00000000ea300000, 0x00000000ea300000, 0x00000000ea400000|  0%| F|  |TAMS 0x00000000ea300000, 0x00000000ea300000| Untracked 
| 164|0x00000000ea400000, 0x00000000ea400000, 0x00000000ea500000|  0%| F|  |TAMS 0x00000000ea400000, 0x00000000ea400000| Untracked 
| 165|0x00000000ea500000, 0x00000000ea500000, 0x00000000ea600000|  0%| F|  |TAMS 0x00000000ea500000, 0x00000000ea500000| Untracked 
| 166|0x00000000ea600000, 0x00000000ea600000, 0x00000000ea700000|  0%| F|  |TAMS 0x00000000ea600000, 0x00000000ea600000| Untracked 
| 167|0x00000000ea700000, 0x00000000ea700000, 0x00000000ea800000|  0%| F|  |TAMS 0x00000000ea700000, 0x00000000ea700000| Untracked 
| 168|0x00000000ea800000, 0x00000000ea800000, 0x00000000ea900000|  0%| F|  |TAMS 0x00000000ea800000, 0x00000000ea800000| Untracked 
| 169|0x00000000ea900000, 0x00000000ea900000, 0x00000000eaa00000|  0%| F|  |TAMS 0x00000000ea900000, 0x00000000ea900000| Untracked 
| 170|0x00000000eaa00000, 0x00000000eaa00000, 0x00000000eab00000|  0%| F|  |TAMS 0x00000000eaa00000, 0x00000000eaa00000| Untracked 
| 171|0x00000000eab00000, 0x00000000eab00000, 0x00000000eac00000|  0%| F|  |TAMS 0x00000000eab00000, 0x00000000eab00000| Untracked 
| 172|0x00000000eac00000, 0x00000000eac00000, 0x00000000ead00000|  0%| F|  |TAMS 0x00000000eac00000, 0x00000000eac00000| Untracked 
| 173|0x00000000ead00000, 0x00000000ead00000, 0x00000000eae00000|  0%| F|  |TAMS 0x00000000ead00000, 0x00000000ead00000| Untracked 
| 174|0x00000000eae00000, 0x00000000eae00000, 0x00000000eaf00000|  0%| F|  |TAMS 0x00000000eae00000, 0x00000000eae00000| Untracked 
| 175|0x00000000eaf00000, 0x00000000eaf00000, 0x00000000eb000000|  0%| F|  |TAMS 0x00000000eaf00000, 0x00000000eaf00000| Untracked 
| 176|0x00000000eb000000, 0x00000000eb000000, 0x00000000eb100000|  0%| F|  |TAMS 0x00000000eb000000, 0x00000000eb000000| Untracked 
| 177|0x00000000eb100000, 0x00000000eb100000, 0x00000000eb200000|  0%| F|  |TAMS 0x00000000eb100000, 0x00000000eb100000| Untracked 
| 178|0x00000000eb200000, 0x00000000eb200000, 0x00000000eb300000|  0%| F|  |TAMS 0x00000000eb200000, 0x00000000eb200000| Untracked 
| 179|0x00000000eb300000, 0x00000000eb300000, 0x00000000eb400000|  0%| F|  |TAMS 0x00000000eb300000, 0x00000000eb300000| Untracked 
| 180|0x00000000eb400000, 0x00000000eb400000, 0x00000000eb500000|  0%| F|  |TAMS 0x00000000eb400000, 0x00000000eb400000| Untracked 
| 181|0x00000000eb500000, 0x00000000eb500000, 0x00000000eb600000|  0%| F|  |TAMS 0x00000000eb500000, 0x00000000eb500000| Untracked 
| 182|0x00000000eb600000, 0x00000000eb600000, 0x00000000eb700000|  0%| F|  |TAMS 0x00000000eb600000, 0x00000000eb600000| Untracked 
| 183|0x00000000eb700000, 0x00000000eb700000, 0x00000000eb800000|  0%| F|  |TAMS 0x00000000eb700000, 0x00000000eb700000| Untracked 
| 184|0x00000000eb800000, 0x00000000eb800000, 0x00000000eb900000|  0%| F|  |TAMS 0x00000000eb800000, 0x00000000eb800000| Untracked 
| 185|0x00000000eb900000, 0x00000000eb980800, 0x00000000eba00000| 50%| E|  |TAMS 0x00000000eb900000, 0x00000000eb900000| Complete 
| 186|0x00000000eba00000, 0x00000000ebb00000, 0x00000000ebb00000|100%| E|CS|TAMS 0x00000000eba00000, 0x00000000eba00000| Complete 
| 187|0x00000000ebb00000, 0x00000000ebc00000, 0x00000000ebc00000|100%| E|CS|TAMS 0x00000000ebb00000, 0x00000000ebb00000| Complete 
| 188|0x00000000ebc00000, 0x00000000ebd00000, 0x00000000ebd00000|100%| E|CS|TAMS 0x00000000ebc00000, 0x00000000ebc00000| Complete 
| 189|0x00000000ebd00000, 0x00000000ebe00000, 0x00000000ebe00000|100%| E|CS|TAMS 0x00000000ebd00000, 0x00000000ebd00000| Complete 
| 190|0x00000000ebe00000, 0x00000000ebf00000, 0x00000000ebf00000|100%| E|CS|TAMS 0x00000000ebe00000, 0x00000000ebe00000| Complete 
| 191|0x00000000ebf00000, 0x00000000ec000000, 0x00000000ec000000|100%| E|CS|TAMS 0x00000000ebf00000, 0x00000000ebf00000| Complete 
| 192|0x00000000ec000000, 0x00000000ec100000, 0x00000000ec100000|100%| E|CS|TAMS 0x00000000ec000000, 0x00000000ec000000| Complete 
| 193|0x00000000ec100000, 0x00000000ec200000, 0x00000000ec200000|100%| E|CS|TAMS 0x00000000ec100000, 0x00000000ec100000| Complete 
| 194|0x00000000ec200000, 0x00000000ec300000, 0x00000000ec300000|100%| E|CS|TAMS 0x00000000ec200000, 0x00000000ec200000| Complete 
| 195|0x00000000ec300000, 0x00000000ec400000, 0x00000000ec400000|100%| E|CS|TAMS 0x00000000ec300000, 0x00000000ec300000| Complete 
| 196|0x00000000ec400000, 0x00000000ec500000, 0x00000000ec500000|100%| E|CS|TAMS 0x00000000ec400000, 0x00000000ec400000| Complete 
| 197|0x00000000ec500000, 0x00000000ec600000, 0x00000000ec600000|100%| E|CS|TAMS 0x00000000ec500000, 0x00000000ec500000| Complete 
| 198|0x00000000ec600000, 0x00000000ec700000, 0x00000000ec700000|100%| E|CS|TAMS 0x00000000ec600000, 0x00000000ec600000| Complete 
| 199|0x00000000ec700000, 0x00000000ec800000, 0x00000000ec800000|100%| E|CS|TAMS 0x00000000ec700000, 0x00000000ec700000| Complete 
| 200|0x00000000ec800000, 0x00000000ec900000, 0x00000000ec900000|100%| E|CS|TAMS 0x00000000ec800000, 0x00000000ec800000| Complete 
| 201|0x00000000ec900000, 0x00000000eca00000, 0x00000000eca00000|100%| E|CS|TAMS 0x00000000ec900000, 0x00000000ec900000| Complete 
| 202|0x00000000eca00000, 0x00000000ecb00000, 0x00000000ecb00000|100%| E|CS|TAMS 0x00000000eca00000, 0x00000000eca00000| Complete 
| 203|0x00000000ecb00000, 0x00000000ecc00000, 0x00000000ecc00000|100%| E|CS|TAMS 0x00000000ecb00000, 0x00000000ecb00000| Complete 
| 204|0x00000000ecc00000, 0x00000000ecd00000, 0x00000000ecd00000|100%| E|CS|TAMS 0x00000000ecc00000, 0x00000000ecc00000| Complete 
| 205|0x00000000ecd00000, 0x00000000ece00000, 0x00000000ece00000|100%| E|CS|TAMS 0x00000000ecd00000, 0x00000000ecd00000| Complete 
| 206|0x00000000ece00000, 0x00000000ecf00000, 0x00000000ecf00000|100%| E|CS|TAMS 0x00000000ece00000, 0x00000000ece00000| Complete 
| 207|0x00000000ecf00000, 0x00000000ed000000, 0x00000000ed000000|100%| E|CS|TAMS 0x00000000ecf00000, 0x00000000ecf00000| Complete 
| 208|0x00000000ed000000, 0x00000000ed100000, 0x00000000ed100000|100%| E|CS|TAMS 0x00000000ed000000, 0x00000000ed000000| Complete 
| 209|0x00000000ed100000, 0x00000000ed200000, 0x00000000ed200000|100%| E|CS|TAMS 0x00000000ed100000, 0x00000000ed100000| Complete 
| 210|0x00000000ed200000, 0x00000000ed300000, 0x00000000ed300000|100%| E|CS|TAMS 0x00000000ed200000, 0x00000000ed200000| Complete 
| 211|0x00000000ed300000, 0x00000000ed400000, 0x00000000ed400000|100%| E|CS|TAMS 0x00000000ed300000, 0x00000000ed300000| Complete 
| 212|0x00000000ed400000, 0x00000000ed500000, 0x00000000ed500000|100%| E|CS|TAMS 0x00000000ed400000, 0x00000000ed400000| Complete 
| 213|0x00000000ed500000, 0x00000000ed600000, 0x00000000ed600000|100%| E|CS|TAMS 0x00000000ed500000, 0x00000000ed500000| Complete 
| 214|0x00000000ed600000, 0x00000000ed700000, 0x00000000ed700000|100%| E|CS|TAMS 0x00000000ed600000, 0x00000000ed600000| Complete 
| 215|0x00000000ed700000, 0x00000000ed800000, 0x00000000ed800000|100%| E|CS|TAMS 0x00000000ed700000, 0x00000000ed700000| Complete 
| 216|0x00000000ed800000, 0x00000000ed900000, 0x00000000ed900000|100%| E|CS|TAMS 0x00000000ed800000, 0x00000000ed800000| Complete 
| 217|0x00000000ed900000, 0x00000000eda00000, 0x00000000eda00000|100%| E|CS|TAMS 0x00000000ed900000, 0x00000000ed900000| Complete 
| 218|0x00000000eda00000, 0x00000000edb00000, 0x00000000edb00000|100%| E|CS|TAMS 0x00000000eda00000, 0x00000000eda00000| Complete 
| 219|0x00000000edb00000, 0x00000000edc00000, 0x00000000edc00000|100%| E|CS|TAMS 0x00000000edb00000, 0x00000000edb00000| Complete 
| 220|0x00000000edc00000, 0x00000000edd00000, 0x00000000edd00000|100%| E|CS|TAMS 0x00000000edc00000, 0x00000000edc00000| Complete 
| 221|0x00000000edd00000, 0x00000000ede00000, 0x00000000ede00000|100%| E|CS|TAMS 0x00000000edd00000, 0x00000000edd00000| Complete 
| 222|0x00000000ede00000, 0x00000000edf00000, 0x00000000edf00000|100%| E|CS|TAMS 0x00000000ede00000, 0x00000000ede00000| Complete 
| 223|0x00000000edf00000, 0x00000000ee000000, 0x00000000ee000000|100%| E|CS|TAMS 0x00000000edf00000, 0x00000000edf00000| Complete 
| 224|0x00000000ee000000, 0x00000000ee100000, 0x00000000ee100000|100%| E|CS|TAMS 0x00000000ee000000, 0x00000000ee000000| Complete 
| 225|0x00000000ee100000, 0x00000000ee200000, 0x00000000ee200000|100%| E|CS|TAMS 0x00000000ee100000, 0x00000000ee100000| Complete 
| 226|0x00000000ee200000, 0x00000000ee300000, 0x00000000ee300000|100%| E|CS|TAMS 0x00000000ee200000, 0x00000000ee200000| Complete 
| 227|0x00000000ee300000, 0x00000000ee400000, 0x00000000ee400000|100%| E|CS|TAMS 0x00000000ee300000, 0x00000000ee300000| Complete 
| 228|0x00000000ee400000, 0x00000000ee500000, 0x00000000ee500000|100%| E|CS|TAMS 0x00000000ee400000, 0x00000000ee400000| Complete 
| 229|0x00000000ee500000, 0x00000000ee600000, 0x00000000ee600000|100%| E|CS|TAMS 0x00000000ee500000, 0x00000000ee500000| Complete 
| 230|0x00000000ee600000, 0x00000000ee700000, 0x00000000ee700000|100%| E|CS|TAMS 0x00000000ee600000, 0x00000000ee600000| Complete 
| 231|0x00000000ee700000, 0x00000000ee800000, 0x00000000ee800000|100%| E|CS|TAMS 0x00000000ee700000, 0x00000000ee700000| Complete 
| 232|0x00000000ee800000, 0x00000000ee900000, 0x00000000ee900000|100%| E|CS|TAMS 0x00000000ee800000, 0x00000000ee800000| Complete 
| 233|0x00000000ee900000, 0x00000000eea00000, 0x00000000eea00000|100%| E|CS|TAMS 0x00000000ee900000, 0x00000000ee900000| Complete 
| 234|0x00000000eea00000, 0x00000000eeb00000, 0x00000000eeb00000|100%| E|CS|TAMS 0x00000000eea00000, 0x00000000eea00000| Complete 
| 235|0x00000000eeb00000, 0x00000000eec00000, 0x00000000eec00000|100%| E|CS|TAMS 0x00000000eeb00000, 0x00000000eeb00000| Complete 
| 236|0x00000000eec00000, 0x00000000eed00000, 0x00000000eed00000|100%| E|CS|TAMS 0x00000000eec00000, 0x00000000eec00000| Complete 
| 237|0x00000000eed00000, 0x00000000eee00000, 0x00000000eee00000|100%| E|CS|TAMS 0x00000000eed00000, 0x00000000eed00000| Complete 
| 238|0x00000000eee00000, 0x00000000eef00000, 0x00000000eef00000|100%| E|CS|TAMS 0x00000000eee00000, 0x00000000eee00000| Complete 
| 239|0x00000000eef00000, 0x00000000ef000000, 0x00000000ef000000|100%| E|CS|TAMS 0x00000000eef00000, 0x00000000eef00000| Complete 
| 240|0x00000000ef000000, 0x00000000ef100000, 0x00000000ef100000|100%| E|CS|TAMS 0x00000000ef000000, 0x00000000ef000000| Complete 
| 241|0x00000000ef100000, 0x00000000ef200000, 0x00000000ef200000|100%| E|CS|TAMS 0x00000000ef100000, 0x00000000ef100000| Complete 
| 242|0x00000000ef200000, 0x00000000ef300000, 0x00000000ef300000|100%| E|CS|TAMS 0x00000000ef200000, 0x00000000ef200000| Complete 
| 243|0x00000000ef300000, 0x00000000ef400000, 0x00000000ef400000|100%| E|CS|TAMS 0x00000000ef300000, 0x00000000ef300000| Complete 
| 244|0x00000000ef400000, 0x00000000ef500000, 0x00000000ef500000|100%| E|CS|TAMS 0x00000000ef400000, 0x00000000ef400000| Complete 
| 245|0x00000000ef500000, 0x00000000ef600000, 0x00000000ef600000|100%| E|CS|TAMS 0x00000000ef500000, 0x00000000ef500000| Complete 
| 246|0x00000000ef600000, 0x00000000ef700000, 0x00000000ef700000|100%| E|CS|TAMS 0x00000000ef600000, 0x00000000ef600000| Complete 
| 247|0x00000000ef700000, 0x00000000ef800000, 0x00000000ef800000|100%| E|CS|TAMS 0x00000000ef700000, 0x00000000ef700000| Complete 
| 248|0x00000000ef800000, 0x00000000ef900000, 0x00000000ef900000|100%| E|CS|TAMS 0x00000000ef800000, 0x00000000ef800000| Complete 
| 249|0x00000000ef900000, 0x00000000efa00000, 0x00000000efa00000|100%| E|CS|TAMS 0x00000000ef900000, 0x00000000ef900000| Complete 
| 250|0x00000000efa00000, 0x00000000efb00000, 0x00000000efb00000|100%| E|CS|TAMS 0x00000000efa00000, 0x00000000efa00000| Complete 
| 251|0x00000000efb00000, 0x00000000efc00000, 0x00000000efc00000|100%| E|CS|TAMS 0x00000000efb00000, 0x00000000efb00000| Complete 
| 252|0x00000000efc00000, 0x00000000efd00000, 0x00000000efd00000|100%| E|CS|TAMS 0x00000000efc00000, 0x00000000efc00000| Complete 
| 253|0x00000000efd00000, 0x00000000efe00000, 0x00000000efe00000|100%| E|CS|TAMS 0x00000000efd00000, 0x00000000efd00000| Complete 
| 254|0x00000000efe00000, 0x00000000eff00000, 0x00000000eff00000|100%| E|CS|TAMS 0x00000000efe00000, 0x00000000efe00000| Complete 
| 255|0x00000000eff00000, 0x00000000f0000000, 0x00000000f0000000|100%| E|CS|TAMS 0x00000000eff00000, 0x00000000eff00000| Complete 

Card table byte_map: [0x00000211c67b0000,0x00000211c68b0000] _byte_map_base: 0x00000211c60b0000

Marking Bits (Prev, Next): (CMBitMap*) 0x00000211b3d052d0, (CMBitMap*) 0x00000211b3d05298
 Prev Bits: [0x00000211c71b0000, 0x00000211c79b0000)
 Next Bits: [0x00000211c69b0000, 0x00000211c71b0000)

Polling page: 0x00000211b1ce0000

Metaspace:

Usage:
  Non-class:     45.25 MB capacity,    43.82 MB ( 97%) used,     1.15 MB (  3%) free+waste,   282.88 KB ( <1%) overhead. 
      Class:      6.16 MB capacity,     4.82 MB ( 78%) used,     1.17 MB ( 19%) free+waste,   173.44 KB (  3%) overhead. 
       Both:     51.41 MB capacity,    48.64 MB ( 95%) used,     2.33 MB (  5%) free+waste,   456.31 KB ( <1%) overhead. 

Virtual space:
  Non-class space:       46.00 MB reserved,      45.33 MB ( 99%) committed 
      Class space:        1.00 GB reserved,       6.25 MB ( <1%) committed 
             Both:        1.04 GB reserved,      51.58 MB (  5%) committed 

Chunk freelists:
   Non-Class:  82.00 KB
       Class:  26.00 KB
        Both:  108.00 KB

MaxMetaspaceSize: 17179869184.00 GB
CompressedClassSpaceSize: 1.00 GB

CodeHeap 'non-profiled nmethods': size=120064Kb used=2758Kb max_used=2758Kb free=117305Kb
 bounds [0x00000211bf270000, 0x00000211bf530000, 0x00000211c67b0000]
CodeHeap 'profiled nmethods': size=120000Kb used=8677Kb max_used=8677Kb free=111322Kb
 bounds [0x00000211b7d40000, 0x00000211b85c0000, 0x00000211bf270000]
CodeHeap 'non-nmethods': size=5696Kb used=1928Kb max_used=1966Kb free=3767Kb
 bounds [0x00000211b77b0000, 0x00000211b7a20000, 0x00000211b7d40000]
 total_blobs=5876 nmethods=4328 adapters=1459
 compilation: enabled
              stopped_count=0, restarted_count=0
 full_count=0

Compilation events (20 events):
Event: 12.474 Thread 0x00000211ca884800 nmethod 4344 0x00000211bf51b490 code [0x00000211bf51b700, 0x00000211bf51d5c0]
Event: 12.474 Thread 0x00000211ca884800 4345       4       sun.net.www.protocol.file.FileURLConnection::<init> (38 bytes)
Event: 12.477 Thread 0x00000211cadbd000 nmethod 4346 0x00000211bf51e510 code [0x00000211bf51e6c0, 0x00000211bf51eaf8]
Event: 12.477 Thread 0x00000211cadbd000 4351       4       jdk.internal.reflect.ByteVectorImpl::getLength (7 bytes)
Event: 12.478 Thread 0x00000211cadbd000 nmethod 4351 0x00000211bf51ec10 code [0x00000211bf51eda0, 0x00000211bf51ee18]
Event: 12.481 Thread 0x00000211ca884800 nmethod 4345 0x00000211bf51ee90 code [0x00000211bf51f040, 0x00000211bf51f568]
Event: 12.494 Thread 0x00000211cadbd000 4352       4       sun.reflect.annotation.AnnotationInvocationHandler::invoke (178 bytes)
Event: 12.499 Thread 0x00000211ca884800 4353       4       java.net.URI$Parser::checkChars (44 bytes)
Event: 12.502 Thread 0x00000211ca884800 nmethod 4353 0x00000211bf51f710 code [0x00000211bf51f8e0, 0x00000211bf51fb98]
Event: 12.514 Thread 0x00000211ca887800 4354   !   3       com.sun.proxy.$Proxy32::preloadpath (29 bytes)
Event: 12.515 Thread 0x00000211ca887800 nmethod 4354 0x00000211b85b5690 code [0x00000211b85b5880, 0x00000211b85b5c58]
Event: 12.515 Thread 0x00000211ca887800 4356   !   3       com.sun.proxy.$Proxy32::preload (29 bytes)
Event: 12.515 Thread 0x00000211ca887800 nmethod 4356 0x00000211b85b5e10 code [0x00000211b85b6000, 0x00000211b85b63d8]
Event: 12.515 Thread 0x00000211ca887800 4355   !   3       java.lang.Class::newInstance (160 bytes)
Event: 12.517 Thread 0x00000211ca887800 nmethod 4355 0x00000211b85b6590 code [0x00000211b85b6980, 0x00000211b85b8108]
Event: 12.518 Thread 0x00000211cadbd000 nmethod 4352 0x00000211bf51ff10 code [0x00000211bf520140, 0x00000211bf520c08]
Event: 12.529 Thread 0x00000211ca884800 4357       4       java.lang.invoke.MethodHandleImpl$CountingWrapper::maybeStopCounting (39 bytes)
Event: 12.530 Thread 0x00000211ca887800 4358       3       java.lang.ClassLoader::findNative (81 bytes)
Event: 12.531 Thread 0x00000211ca887800 nmethod 4358 0x00000211b85b8b10 code [0x00000211b85b8d60, 0x00000211b85b9538]
Event: 12.532 Thread 0x00000211ca884800 nmethod 4357 0x00000211bf521410 code [0x00000211bf5215e0, 0x00000211bf5217a8]

GC Heap History (20 events):
Event: 9.582 GC heap before
{Heap before GC invocations=18 (full 0):
 garbage-first heap   total 262144K, used 220410K [0x00000000e0000000, 0x0000000100000000)
  region size 1024K, 144 young (147456K), 6 survivors (6144K)
 Metaspace       used 47576K, capacity 50424K, committed 50768K, reserved 1093632K
  class space    used 4655K, capacity 6020K, committed 6144K, reserved 1048576K
}
Event: 9.590 GC heap after
{Heap after GC invocations=19 (full 0):
 garbage-first heap   total 262144K, used 79097K [0x00000000e0000000, 0x0000000100000000)
  region size 1024K, 6 young (6144K), 6 survivors (6144K)
 Metaspace       used 47576K, capacity 50424K, committed 50768K, reserved 1093632K
  class space    used 4655K, capacity 6020K, committed 6144K, reserved 1048576K
}
Event: 9.865 GC heap before
{Heap before GC invocations=19 (full 0):
 garbage-first heap   total 262144K, used 222457K [0x00000000e0000000, 0x0000000100000000)
  region size 1024K, 146 young (149504K), 6 survivors (6144K)
 Metaspace       used 47576K, capacity 50424K, committed 50768K, reserved 1093632K
  class space    used 4655K, capacity 6020K, committed 6144K, reserved 1048576K
}
Event: 9.874 GC heap after
{Heap after GC invocations=20 (full 0):
 garbage-first heap   total 262144K, used 79608K [0x00000000e0000000, 0x0000000100000000)
  region size 1024K, 6 young (6144K), 6 survivors (6144K)
 Metaspace       used 47576K, capacity 50424K, committed 50768K, reserved 1093632K
  class space    used 4655K, capacity 6020K, committed 6144K, reserved 1048576K
}
Event: 10.160 GC heap before
{Heap before GC invocations=20 (full 0):
 garbage-first heap   total 262144K, used 225016K [0x00000000e0000000, 0x0000000100000000)
  region size 1024K, 148 young (151552K), 6 survivors (6144K)
 Metaspace       used 47576K, capacity 50424K, committed 50768K, reserved 1093632K
  class space    used 4655K, capacity 6020K, committed 6144K, reserved 1048576K
}
Event: 10.169 GC heap after
{Heap after GC invocations=21 (full 0):
 garbage-first heap   total 262144K, used 79346K [0x00000000e0000000, 0x0000000100000000)
  region size 1024K, 6 young (6144K), 6 survivors (6144K)
 Metaspace       used 47576K, capacity 50424K, committed 50768K, reserved 1093632K
  class space    used 4655K, capacity 6020K, committed 6144K, reserved 1048576K
}
Event: 10.424 GC heap before
{Heap before GC invocations=21 (full 0):
 garbage-first heap   total 262144K, used 226802K [0x00000000e0000000, 0x0000000100000000)
  region size 1024K, 150 young (153600K), 6 survivors (6144K)
 Metaspace       used 47576K, capacity 50424K, committed 50768K, reserved 1093632K
  class space    used 4655K, capacity 6020K, committed 6144K, reserved 1048576K
}
Event: 10.433 GC heap after
{Heap after GC invocations=22 (full 0):
 garbage-first heap   total 262144K, used 79593K [0x00000000e0000000, 0x0000000100000000)
  region size 1024K, 6 young (6144K), 6 survivors (6144K)
 Metaspace       used 47576K, capacity 50424K, committed 50768K, reserved 1093632K
  class space    used 4655K, capacity 6020K, committed 6144K, reserved 1048576K
}
Event: 10.687 GC heap before
{Heap before GC invocations=22 (full 0):
 garbage-first heap   total 262144K, used 228073K [0x00000000e0000000, 0x0000000100000000)
  region size 1024K, 151 young (154624K), 6 survivors (6144K)
 Metaspace       used 47576K, capacity 50424K, committed 50768K, reserved 1093632K
  class space    used 4655K, capacity 6020K, committed 6144K, reserved 1048576K
}
Event: 10.697 GC heap after
{Heap after GC invocations=23 (full 0):
 garbage-first heap   total 262144K, used 79348K [0x00000000e0000000, 0x0000000100000000)
  region size 1024K, 6 young (6144K), 6 survivors (6144K)
 Metaspace       used 47576K, capacity 50424K, committed 50768K, reserved 1093632K
  class space    used 4655K, capacity 6020K, committed 6144K, reserved 1048576K
}
Event: 10.948 GC heap before
{Heap before GC invocations=23 (full 0):
 garbage-first heap   total 262144K, used 227828K [0x00000000e0000000, 0x0000000100000000)
  region size 1024K, 151 young (154624K), 6 survivors (6144K)
 Metaspace       used 47576K, capacity 50424K, committed 50768K, reserved 1093632K
  class space    used 4655K, capacity 6020K, committed 6144K, reserved 1048576K
}
Event: 10.956 GC heap after
{Heap after GC invocations=24 (full 0):
 garbage-first heap   total 262144K, used 79357K [0x00000000e0000000, 0x0000000100000000)
  region size 1024K, 6 young (6144K), 6 survivors (6144K)
 Metaspace       used 47576K, capacity 50424K, committed 50768K, reserved 1093632K
  class space    used 4655K, capacity 6020K, committed 6144K, reserved 1048576K
}
Event: 11.209 GC heap before
{Heap before GC invocations=24 (full 0):
 garbage-first heap   total 262144K, used 228861K [0x00000000e0000000, 0x0000000100000000)
  region size 1024K, 152 young (155648K), 6 survivors (6144K)
 Metaspace       used 47576K, capacity 50424K, committed 50768K, reserved 1093632K
  class space    used 4655K, capacity 6020K, committed 6144K, reserved 1048576K
}
Event: 11.218 GC heap after
{Heap after GC invocations=25 (full 0):
 garbage-first heap   total 262144K, used 79354K [0x00000000e0000000, 0x0000000100000000)
  region size 1024K, 6 young (6144K), 6 survivors (6144K)
 Metaspace       used 47576K, capacity 50424K, committed 50768K, reserved 1093632K
  class space    used 4655K, capacity 6020K, committed 6144K, reserved 1048576K
}
Event: 11.486 GC heap before
{Heap before GC invocations=25 (full 0):
 garbage-first heap   total 262144K, used 228858K [0x00000000e0000000, 0x0000000100000000)
  region size 1024K, 152 young (155648K), 6 survivors (6144K)
 Metaspace       used 47576K, capacity 50424K, committed 50768K, reserved 1093632K
  class space    used 4655K, capacity 6020K, committed 6144K, reserved 1048576K
}
Event: 11.494 GC heap after
{Heap after GC invocations=26 (full 0):
 garbage-first heap   total 262144K, used 79661K [0x00000000e0000000, 0x0000000100000000)
  region size 1024K, 1 young (1024K), 1 survivors (1024K)
 Metaspace       used 47576K, capacity 50424K, committed 50768K, reserved 1093632K
  class space    used 4655K, capacity 6020K, committed 6144K, reserved 1048576K
}
Event: 11.737 GC heap before
{Heap before GC invocations=26 (full 0):
 garbage-first heap   total 262144K, used 230189K [0x00000000e0000000, 0x0000000100000000)
  region size 1024K, 148 young (151552K), 1 survivors (1024K)
 Metaspace       used 47576K, capacity 50424K, committed 50768K, reserved 1093632K
  class space    used 4655K, capacity 6020K, committed 6144K, reserved 1048576K
}
Event: 11.738 GC heap after
{Heap after GC invocations=27 (full 0):
 garbage-first heap   total 262144K, used 79583K [0x00000000e0000000, 0x0000000100000000)
  region size 1024K, 1 young (1024K), 1 survivors (1024K)
 Metaspace       used 47576K, capacity 50424K, committed 50768K, reserved 1093632K
  class space    used 4655K, capacity 6020K, committed 6144K, reserved 1048576K
}
Event: 11.984 GC heap before
{Heap before GC invocations=27 (full 0):
 garbage-first heap   total 262144K, used 230111K [0x00000000e0000000, 0x0000000100000000)
  region size 1024K, 148 young (151552K), 1 survivors (1024K)
 Metaspace       used 47576K, capacity 50424K, committed 50768K, reserved 1093632K
  class space    used 4655K, capacity 6020K, committed 6144K, reserved 1048576K
}
Event: 11.985 GC heap after
{Heap after GC invocations=28 (full 0):
 garbage-first heap   total 262144K, used 79698K [0x00000000e0000000, 0x0000000100000000)
  region size 1024K, 1 young (1024K), 1 survivors (1024K)
 Metaspace       used 47576K, capacity 50424K, committed 50768K, reserved 1093632K
  class space    used 4655K, capacity 6020K, committed 6144K, reserved 1048576K
}

Deoptimization events (20 events):
Event: 7.975 Thread 0x00000211cd420800 Uncommon trap: trap_request=0xffffff4d fr.pc=0x00000211bf4d43a4 relative=0x0000000000001e64
Event: 7.975 Thread 0x00000211cd420800 Uncommon trap: reason=unstable_if action=reinterpret pc=0x00000211bf4d43a4 method=java.lang.String.indexOf([BBILjava/lang/String;I)I @ 21 c2
Event: 7.975 Thread 0x00000211cd420800 DEOPT PACKING pc=0x00000211bf4d43a4 sp=0x00000092a7bfd060
Event: 7.975 Thread 0x00000211cd420800 DEOPT UNPACKING pc=0x00000211b77d78af sp=0x00000092a7bfcf58 mode 2
Event: 8.008 Thread 0x00000211cd420800 Uncommon trap: trap_request=0xffffff4d fr.pc=0x00000211bf330ec0 relative=0x0000000000002b40
Event: 8.008 Thread 0x00000211cd420800 Uncommon trap: reason=unstable_if action=reinterpret pc=0x00000211bf330ec0 method=java.net.URL.<init>(Ljava/net/URL;Ljava/lang/String;Ljava/net/URLStreamHandler;)V @ 441 c2
Event: 8.008 Thread 0x00000211cd420800 DEOPT PACKING pc=0x00000211bf330ec0 sp=0x00000092a7bfcb20
Event: 8.008 Thread 0x00000211cd420800 DEOPT UNPACKING pc=0x00000211b77d78af sp=0x00000092a7bfcae0 mode 2
Event: 8.021 Thread 0x00000211cd420800 Uncommon trap: trap_request=0xffffff4d fr.pc=0x00000211bf4d92d0 relative=0x00000000000021d0
Event: 8.021 Thread 0x00000211cd420800 Uncommon trap: reason=unstable_if action=reinterpret pc=0x00000211bf4d92d0 method=java.lang.String.replace(Ljava/lang/CharSequence;Ljava/lang/CharSequence;)Ljava/lang/String; @ 24 c2
Event: 8.021 Thread 0x00000211cd420800 DEOPT PACKING pc=0x00000211bf4d92d0 sp=0x00000092a7bfc710
Event: 8.021 Thread 0x00000211cd420800 DEOPT UNPACKING pc=0x00000211b77d78af sp=0x00000092a7bfc690 mode 2
Event: 8.186 Thread 0x00000211cd420800 Uncommon trap: trap_request=0xffffff4d fr.pc=0x00000211bf4c78c0 relative=0x0000000000000280
Event: 8.186 Thread 0x00000211cd420800 Uncommon trap: reason=unstable_if action=reinterpret pc=0x00000211bf4c78c0 method=java.lang.String.indexOf([BBILjava/lang/String;I)I @ 21 c2
Event: 8.186 Thread 0x00000211cd420800 DEOPT PACKING pc=0x00000211bf4c78c0 sp=0x00000092a7bfc990
Event: 8.186 Thread 0x00000211cd420800 DEOPT UNPACKING pc=0x00000211b77d78af sp=0x00000092a7bfc8f8 mode 2
Event: 8.319 Thread 0x00000211cd420800 DEOPT PACKING pc=0x00000211b8533737 sp=0x00000092a7bfaf60
Event: 8.319 Thread 0x00000211cd420800 DEOPT UNPACKING pc=0x00000211b77d76ce sp=0x00000092a7bfa400 mode 0
Event: 12.134 Thread 0x00000211cd420800 DEOPT PACKING pc=0x00000211b825d99d sp=0x00000092a7bfa980
Event: 12.134 Thread 0x00000211cd420800 DEOPT UNPACKING pc=0x00000211b77d76ce sp=0x00000092a7bf9e50 mode 0

Classes redefined (0 events):
No events

Internal exceptions (20 events):
Event: 7.000 Thread 0x00000211cd420800 Exception <a 'java/lang/NoSuchMethodError'{0x00000000eb71fd88}: 'void java.lang.invoke.Invokers$Holder.exactInvoker(java.lang.Object, java.lang.Object, java.lang.Object, java.lang.Object, java.lang.Object, java.lang.Object, int)'> (0x00000000eb71fd88) thrown at [./src/hotspot/share/interpreter/linkResolver.cpp, line 773]
Event: 7.000 Thread 0x00000211cd420800 Exception <a 'java/lang/NoSuchMethodError'{0x00000000eb723a70}: 'void java.lang.invoke.DelegatingMethodHandle$Holder.delegate(java.lang.Object, java.lang.Object, java.lang.Object, java.lang.Object, java.lang.Object, java.lang.Object, int)'> (0x00000000eb723a70) thrown at [./src/hotspot/share/interpreter/linkResolver.cpp, line 773]
Event: 7.001 Thread 0x00000211cd420800 Exception <a 'java/lang/NoSuchMethodError'{0x00000000eb735128}: 'void java.lang.invoke.Invokers$Holder.linkToCallSite(java.lang.Object, java.lang.Object, java.lang.Object, java.lang.Object, int, java.lang.Object)'> (0x00000000eb735128) thrown at [./src/hotspot/share/interpreter/linkResolver.cpp, line 773]
Event: 7.002 Thread 0x00000211cd420800 Exception <a 'java/lang/NoSuchMethodError'{0x00000000eb73cc78}: 'java.lang.Object java.lang.invoke.DirectMethodHandle$Holder.invokeVirtual(java.lang.Object, java.lang.Object, int)'> (0x00000000eb73cc78) thrown at [./src/hotspot/share/interpreter/linkResolver.cpp, line 773]
Event: 7.004 Thread 0x00000211cd420800 Exception <a 'java/lang/NoSuchMethodError'{0x00000000eb7591a8}: 'void java.lang.invoke.DirectMethodHandle$Holder.invokeSpecial(java.lang.Object, java.lang.Object, java.lang.Object, int, java.lang.Object, int)'> (0x00000000eb7591a8) thrown at [./src/hotspot/share/interpreter/linkResolver.cpp, line 773]
Event: 7.004 Thread 0x00000211cd420800 Exception <a 'java/lang/NoSuchMethodError'{0x00000000eb75c4c0}: 'void java.lang.invoke.Invokers$Holder.exactInvoker(java.lang.Object, java.lang.Object, java.lang.Object, int, java.lang.Object, int)'> (0x00000000eb75c4c0) thrown at [./src/hotspot/share/interpreter/linkResolver.cpp, line 773]
Event: 7.004 Thread 0x00000211cd420800 Exception <a 'java/lang/NoSuchMethodError'{0x00000000eb763308}: 'void java.lang.invoke.DelegatingMethodHandle$Holder.delegate(java.lang.Object, java.lang.Object, java.lang.Object, int, java.lang.Object, int)'> (0x00000000eb763308) thrown at [./src/hotspot/share/interpreter/linkResolver.cpp, line 773]
Event: 7.005 Thread 0x00000211cd420800 Exception <a 'java/lang/NoSuchMethodError'{0x00000000eb770dc8}: 'void java.lang.invoke.Invokers$Holder.linkToCallSite(java.lang.Object, int, java.lang.Object, int, java.lang.Object)'> (0x00000000eb770dc8) thrown at [./src/hotspot/share/interpreter/linkResolver.cpp, line 773]
Event: 7.007 Thread 0x00000211cd420800 Exception <a 'java/lang/NoSuchMethodError'{0x00000000eb7a2c78}: 'int java.lang.invoke.DirectMethodHandle$Holder.invokeSpecial(java.lang.Object, java.lang.Object, long, int, int, java.lang.Object, int)'> (0x00000000eb7a2c78) thrown at [./src/hotspot/share/interpreter/linkResolver.cpp, line 773]
Event: 7.008 Thread 0x00000211cd420800 Exception <a 'java/lang/NoSuchMethodError'{0x00000000eb7a5f20}: 'int java.lang.invoke.Invokers$Holder.exactInvoker(java.lang.Object, java.lang.Object, long, int, int, java.lang.Object, int)'> (0x00000000eb7a5f20) thrown at [./src/hotspot/share/interpreter/linkResolver.cpp, line 773]
Event: 7.008 Thread 0x00000211cd420800 Exception <a 'java/lang/NoSuchMethodError'{0x00000000eb7acea8}: 'int java.lang.invoke.DelegatingMethodHandle$Holder.delegate(java.lang.Object, java.lang.Object, long, int, int, java.lang.Object, int)'> (0x00000000eb7acea8) thrown at [./src/hotspot/share/interpreter/linkResolver.cpp, line 773]
Event: 7.012 Thread 0x00000211cd420800 Exception <a 'java/lang/NoSuchMethodError'{0x00000000eb7c3b68}: 'java.lang.Object java.lang.invoke.DirectMethodHandle$Holder.invokeSpecial(java.lang.Object, java.lang.Object, int, java.lang.Object, int)'> (0x00000000eb7c3b68) thrown at [./src/hotspot/share/interpreter/linkResolver.cpp, line 773]
Event: 7.015 Thread 0x00000211cd420800 Exception <a 'java/lang/NoSuchMethodError'{0x00000000eb7f11a8}: 'long java.lang.invoke.DirectMethodHandle$Holder.invokeSpecial(java.lang.Object, java.lang.Object, long, int, java.lang.Object, int)'> (0x00000000eb7f11a8) thrown at [./src/hotspot/share/interpreter/linkResolver.cpp, line 773]
Event: 7.015 Thread 0x00000211cd420800 Exception <a 'java/lang/NoSuchMethodError'{0x00000000eb7f43b8}: 'long java.lang.invoke.Invokers$Holder.exactInvoker(java.lang.Object, java.lang.Object, long, int, java.lang.Object, int)'> (0x00000000eb7f43b8) thrown at [./src/hotspot/share/interpreter/linkResolver.cpp, line 773]
Event: 7.015 Thread 0x00000211cd420800 Exception <a 'java/lang/NoSuchMethodError'{0x00000000eb7fb1e8}: 'long java.lang.invoke.DelegatingMethodHandle$Holder.delegate(java.lang.Object, java.lang.Object, long, int, java.lang.Object, int)'> (0x00000000eb7fb1e8) thrown at [./src/hotspot/share/interpreter/linkResolver.cpp, line 773]
Event: 7.026 Thread 0x00000211cd420800 Exception <a 'java/lang/NoSuchMethodError'{0x00000000eb672858}: 'int java.lang.invoke.DirectMethodHandle$Holder.invokeSpecial(java.lang.Object, java.lang.Object, long, java.lang.Object, int, int)'> (0x00000000eb672858) thrown at [./src/hotspot/share/interpreter/linkResolver.cpp, line 773]
Event: 7.027 Thread 0x00000211cd420800 Exception <a 'java/lang/NoSuchMethodError'{0x00000000eb675a68}: 'int java.lang.invoke.Invokers$Holder.exactInvoker(java.lang.Object, java.lang.Object, long, java.lang.Object, int, int)'> (0x00000000eb675a68) thrown at [./src/hotspot/share/interpreter/linkResolver.cpp, line 773]
Event: 7.027 Thread 0x00000211cd420800 Exception <a 'java/lang/NoSuchMethodError'{0x00000000eb67c898}: 'int java.lang.invoke.DelegatingMethodHandle$Holder.delegate(java.lang.Object, java.lang.Object, long, java.lang.Object, int, int)'> (0x00000000eb67c898) thrown at [./src/hotspot/share/interpreter/linkResolver.cpp, line 773]
Event: 7.079 Thread 0x00000211cd420800 Exception <a 'java/lang/NoSuchMethodError'{0x00000000eb307fe0}: 'int java.lang.invoke.DirectMethodHandle$Holder.invokeStaticInit(java.lang.Object, java.lang.Object, java.lang.Object, java.lang.Object)'> (0x00000000eb307fe0) thrown at [./src/hotspot/share/interpreter/linkResolver.cpp, line 773]
Event: 7.080 Thread 0x00000211cd420800 Exception <a 'java/lang/IncompatibleClassChangeError'{0x00000000eb310aa0}: Found class java.lang.Object, but interface was expected> (0x00000000eb310aa0) thrown at [./src/hotspot/share/interpreter/linkResolver.cpp, line 839]

Events (20 events):
Event: 11.494 Executing VM operation: G1CollectForAllocation done
Event: 11.641 Loaded shared library C:\Users\Avinoam\.javacpp\cache\jetified-opencv-4.5.5-1.5.7-windows-x86_64.jar\org\bytedeco\opencv\windows-x86_64\opencv_core455.dll
Event: 11.737 Executing VM operation: G1CollectForAllocation
Event: 11.738 Executing VM operation: G1CollectForAllocation done
Event: 11.820 Loaded shared library C:\Users\Avinoam\.javacpp\cache\jetified-opencv-4.5.5-1.5.7-windows-x86_64.jar\org\bytedeco\opencv\windows-x86_64\opencv_imgproc455.dll
Event: 11.984 Executing VM operation: G1CollectForAllocation
Event: 11.985 Executing VM operation: G1CollectForAllocation done
Event: 11.993 Loaded shared library C:\Users\Avinoam\.javacpp\cache\jetified-opencv-4.5.5-1.5.7-windows-x86_64.jar\org\bytedeco\opencv\windows-x86_64\jniopencv_core.dll
Event: 12.226 Loaded shared library C:\Users\Avinoam\.javacpp\cache\jetified-opencv-4.5.5-1.5.7-windows-x86_64.jar\org\bytedeco\opencv\windows-x86_64\jniopencv_imgproc.dll
Event: 12.283 Loaded shared library C:\Users\Avinoam\.javacpp\cache\jetified-opencv-4.5.5-1.5.7-windows-x86_64.jar\org\bytedeco\opencv\windows-x86_64\opencv_imgcodecs455.dll
Event: 12.305 Loaded shared library C:\Users\Avinoam\.javacpp\cache\jetified-opencv-4.5.5-1.5.7-windows-x86_64.jar\org\bytedeco\opencv\windows-x86_64\jniopencv_imgcodecs.dll
Event: 12.307 loading class java/nio/ShortBuffer
Event: 12.307 loading class java/nio/ShortBuffer done
Event: 12.308 loading class java/nio/FloatBuffer
Event: 12.308 loading class java/nio/FloatBuffer done
Event: 12.308 loading class java/nio/DoubleBuffer
Event: 12.308 loading class java/nio/DoubleBuffer done
Event: 12.374 Thread 0x00000211cadbd000 Thread added: 0x00000211cadbd000
Event: 12.395 loading class java/net/Proxy
Event: 12.395 loading class java/net/Proxy done


Dynamic libraries:
0x00007ff712970000 - 0x00007ff71297a000 	C:\Program Files\Android\Android Studio\jre\bin\java.exe
0x00007fff9dd90000 - 0x00007fff9df85000 	C:\WINDOWS\SYSTEM32\ntdll.dll
0x00007fff9c4c0000 - 0x00007fff9c57e000 	C:\WINDOWS\System32\KERNEL32.DLL
0x00007fff9b4e0000 - 0x00007fff9b7a8000 	C:\WINDOWS\System32\KERNELBASE.dll
0x00007fff9bc60000 - 0x00007fff9bd60000 	C:\WINDOWS\System32\ucrtbase.dll
0x00007fff73ad0000 - 0x00007fff73ae7000 	C:\Program Files\Android\Android Studio\jre\bin\VCRUNTIME140.dll
0x00007fff80670000 - 0x00007fff80689000 	C:\Program Files\Android\Android Studio\jre\bin\jli.dll
0x00007fff9bf50000 - 0x00007fff9c0f0000 	C:\WINDOWS\System32\USER32.dll
0x00007fff9bc30000 - 0x00007fff9bc52000 	C:\WINDOWS\System32\win32u.dll
0x00007fff8e980000 - 0x00007fff8ec1a000 	C:\WINDOWS\WinSxS\amd64_microsoft.windows.common-controls_6595b64144ccf1df_6.0.19041.1110_none_60b5254171f9507e\COMCTL32.dll
0x00007fff9cec0000 - 0x00007fff9ceeb000 	C:\WINDOWS\System32\GDI32.dll
0x00007fff9c420000 - 0x00007fff9c4be000 	C:\WINDOWS\System32\msvcrt.dll
0x00007fff9ba80000 - 0x00007fff9bb8b000 	C:\WINDOWS\System32\gdi32full.dll
0x00007fff9bb90000 - 0x00007fff9bc2d000 	C:\WINDOWS\System32\msvcp_win.dll
0x00007fff9bf20000 - 0x00007fff9bf50000 	C:\WINDOWS\System32\IMM32.DLL
0x00007fff607c0000 - 0x00007fff6085d000 	C:\Program Files\Android\Android Studio\jre\bin\msvcp140.dll
0x00007fff18e30000 - 0x00007fff198ff000 	C:\Program Files\Android\Android Studio\jre\bin\server\jvm.dll
0x00007fff9cbb0000 - 0x00007fff9cc5e000 	C:\WINDOWS\System32\ADVAPI32.dll
0x00007fff9c580000 - 0x00007fff9c61c000 	C:\WINDOWS\System32\sechost.dll
0x00007fff9cd90000 - 0x00007fff9ceb5000 	C:\WINDOWS\System32\RPCRT4.dll
0x00007fff9cef0000 - 0x00007fff9cef8000 	C:\WINDOWS\System32\PSAPI.DLL
0x00007fff8edd0000 - 0x00007fff8edf7000 	C:\WINDOWS\SYSTEM32\WINMM.dll
0x00007fff90d80000 - 0x00007fff90d8a000 	C:\WINDOWS\SYSTEM32\VERSION.dll
0x00007fff71b30000 - 0x00007fff71b39000 	C:\WINDOWS\SYSTEM32\WSOCK32.dll
0x00007fff9d960000 - 0x00007fff9d9cb000 	C:\WINDOWS\System32\WS2_32.dll
0x00007fff99d10000 - 0x00007fff99d22000 	C:\WINDOWS\SYSTEM32\kernel.appcore.dll
0x00007fff81900000 - 0x00007fff81911000 	C:\Program Files\Android\Android Studio\jre\bin\verify.dll
0x00007fff946c0000 - 0x00007fff948a4000 	C:\WINDOWS\SYSTEM32\DBGHELP.DLL
0x00007fff94420000 - 0x00007fff9444c000 	C:\WINDOWS\SYSTEM32\dbgcore.DLL
0x00007fff9bd60000 - 0x00007fff9bde2000 	C:\WINDOWS\System32\bcryptPrimitives.dll
0x00007fff81630000 - 0x00007fff81659000 	C:\Program Files\Android\Android Studio\jre\bin\java.dll
0x00007fff91d70000 - 0x00007fff91d7b000 	C:\Program Files\Android\Android Studio\jre\bin\jimage.dll
0x00007fff808d0000 - 0x00007fff808e8000 	C:\Program Files\Android\Android Studio\jre\bin\zip.dll
0x00007fff9d210000 - 0x00007fff9d954000 	C:\WINDOWS\System32\SHELL32.dll
0x00007fff99560000 - 0x00007fff99cf4000 	C:\WINDOWS\SYSTEM32\windows.storage.dll
0x00007fff9d9f0000 - 0x00007fff9dd44000 	C:\WINDOWS\System32\combase.dll
0x00007fff9ad60000 - 0x00007fff9ad8c000 	C:\WINDOWS\SYSTEM32\Wldp.dll
0x00007fff9c630000 - 0x00007fff9c6dd000 	C:\WINDOWS\System32\SHCORE.dll
0x00007fff9bec0000 - 0x00007fff9bf15000 	C:\WINDOWS\System32\shlwapi.dll
0x00007fff9b3f0000 - 0x00007fff9b40f000 	C:\WINDOWS\SYSTEM32\profapi.dll
0x00007fff80360000 - 0x00007fff8037a000 	C:\Program Files\Android\Android Studio\jre\bin\net.dll
0x00007fff91810000 - 0x00007fff91919000 	C:\WINDOWS\SYSTEM32\WINHTTP.dll
0x00007fff9ab40000 - 0x00007fff9abaa000 	C:\WINDOWS\system32\mswsock.dll
0x00007fff7fba0000 - 0x00007fff7fbb4000 	C:\Program Files\Android\Android Studio\jre\bin\nio.dll
0x00007fff9ada0000 - 0x00007fff9adb8000 	C:\WINDOWS\SYSTEM32\CRYPTSP.dll
0x00007fff9a4e0000 - 0x00007fff9a514000 	C:\WINDOWS\system32\rsaenh.dll
0x00007fff9b4b0000 - 0x00007fff9b4d7000 	C:\WINDOWS\System32\bcrypt.dll
0x00007fff9b3b0000 - 0x00007fff9b3de000 	C:\WINDOWS\SYSTEM32\USERENV.dll
0x00007fff9acd0000 - 0x00007fff9acdc000 	C:\WINDOWS\SYSTEM32\CRYPTBASE.dll
0x00007fff9a850000 - 0x00007fff9a88b000 	C:\WINDOWS\SYSTEM32\IPHLPAPI.DLL
0x00007fff9c0f0000 - 0x00007fff9c0f8000 	C:\WINDOWS\System32\NSI.dll
0x00007fff93ff0000 - 0x00007fff94007000 	C:\WINDOWS\SYSTEM32\dhcpcsvc6.DLL
0x00007fff93fd0000 - 0x00007fff93fed000 	C:\WINDOWS\SYSTEM32\dhcpcsvc.DLL
0x00007fff9a890000 - 0x00007fff9a95a000 	C:\WINDOWS\SYSTEM32\DNSAPI.dll
0x00007fff7faa0000 - 0x00007fff7fac7000 	C:\Program Files\Android\Android Studio\jre\bin\sunec.dll
0x00000211b3c30000 - 0x00000211b3c34000 	C:\Users\Avinoam\.javacpp\cache\jetified-javacpp-1.5.7-windows-x86_64.jar\org\bytedeco\javacpp\windows-x86_64\api-ms-win-crt-locale-l1-1-0.dll
0x00000211b3c40000 - 0x00000211b3c45000 	C:\Users\Avinoam\.javacpp\cache\jetified-javacpp-1.5.7-windows-x86_64.jar\org\bytedeco\javacpp\windows-x86_64\api-ms-win-crt-string-l1-1-0.dll
0x00000211b3c50000 - 0x00000211b3c55000 	C:\Users\Avinoam\.javacpp\cache\jetified-javacpp-1.5.7-windows-x86_64.jar\org\bytedeco\javacpp\windows-x86_64\api-ms-win-crt-stdio-l1-1-0.dll
0x00000211b3c60000 - 0x00000211b3c66000 	C:\Users\Avinoam\.javacpp\cache\jetified-javacpp-1.5.7-windows-x86_64.jar\org\bytedeco\javacpp\windows-x86_64\api-ms-win-crt-math-l1-1-0.dll
0x00000211b3c70000 - 0x00000211b3c74000 	C:\Users\Avinoam\.javacpp\cache\jetified-javacpp-1.5.7-windows-x86_64.jar\org\bytedeco\javacpp\windows-x86_64\api-ms-win-crt-heap-l1-1-0.dll
0x00000211b3c80000 - 0x00000211b3c85000 	C:\Users\Avinoam\.javacpp\cache\jetified-javacpp-1.5.7-windows-x86_64.jar\org\bytedeco\javacpp\windows-x86_64\api-ms-win-crt-runtime-l1-1-0.dll
0x00000211b3c90000 - 0x00000211b3c95000 	C:\Users\Avinoam\.javacpp\cache\jetified-javacpp-1.5.7-windows-x86_64.jar\org\bytedeco\javacpp\windows-x86_64\api-ms-win-crt-convert-l1-1-0.dll
0x00000211d0580000 - 0x00000211d0584000 	C:\Users\Avinoam\.javacpp\cache\jetified-javacpp-1.5.7-windows-x86_64.jar\org\bytedeco\javacpp\windows-x86_64\api-ms-win-crt-environment-l1-1-0.dll
0x00000211d0590000 - 0x00000211d0594000 	C:\Users\Avinoam\.javacpp\cache\jetified-javacpp-1.5.7-windows-x86_64.jar\org\bytedeco\javacpp\windows-x86_64\api-ms-win-crt-time-l1-1-0.dll
0x00000211d07a0000 - 0x00000211d07a4000 	C:\Users\Avinoam\.javacpp\cache\jetified-javacpp-1.5.7-windows-x86_64.jar\org\bytedeco\javacpp\windows-x86_64\api-ms-win-crt-filesystem-l1-1-0.dll
0x00000211d07b0000 - 0x00000211d07b4000 	C:\Users\Avinoam\.javacpp\cache\jetified-javacpp-1.5.7-windows-x86_64.jar\org\bytedeco\javacpp\windows-x86_64\api-ms-win-crt-utility-l1-1-0.dll
0x00000211d07c0000 - 0x00000211d07c6000 	C:\Users\Avinoam\.javacpp\cache\jetified-javacpp-1.5.7-windows-x86_64.jar\org\bytedeco\javacpp\windows-x86_64\api-ms-win-crt-multibyte-l1-1-0.dll
0x00000211d07d0000 - 0x00000211d07d4000 	C:\Users\Avinoam\.javacpp\cache\jetified-javacpp-1.5.7-windows-x86_64.jar\org\bytedeco\javacpp\windows-x86_64\api-ms-win-crt-conio-l1-1-0.dll
0x00000211d07e0000 - 0x00000211d07f1000 	C:\Users\Avinoam\.javacpp\cache\jetified-javacpp-1.5.7-windows-x86_64.jar\org\bytedeco\javacpp\windows-x86_64\api-ms-win-crt-private-l1-1-0.dll
0x00000211d0800000 - 0x00000211d0804000 	C:\Users\Avinoam\.javacpp\cache\jetified-javacpp-1.5.7-windows-x86_64.jar\org\bytedeco\javacpp\windows-x86_64\api-ms-win-crt-process-l1-1-0.dll
0x00000211d0810000 - 0x00000211d0814000 	C:\Users\Avinoam\.javacpp\cache\jetified-javacpp-1.5.7-windows-x86_64.jar\org\bytedeco\javacpp\windows-x86_64\api-ms-win-core-console-l1-2-0.dll
0x00000211d0820000 - 0x00000211d0824000 	C:\Users\Avinoam\.javacpp\cache\jetified-javacpp-1.5.7-windows-x86_64.jar\org\bytedeco\javacpp\windows-x86_64\api-ms-win-core-string-l1-1-0.dll
0x00000211d0830000 - 0x00000211d0834000 	C:\Users\Avinoam\.javacpp\cache\jetified-javacpp-1.5.7-windows-x86_64.jar\org\bytedeco\javacpp\windows-x86_64\api-ms-win-core-errorhandling-l1-1-0.dll
0x00000211d0840000 - 0x00000211d0844000 	C:\Users\Avinoam\.javacpp\cache\jetified-javacpp-1.5.7-windows-x86_64.jar\org\bytedeco\javacpp\windows-x86_64\api-ms-win-core-timezone-l1-1-0.dll
0x00000211d0850000 - 0x00000211d0855000 	C:\Users\Avinoam\.javacpp\cache\jetified-javacpp-1.5.7-windows-x86_64.jar\org\bytedeco\javacpp\windows-x86_64\api-ms-win-core-file-l1-1-0.dll
0x00000211d0860000 - 0x00000211d0864000 	C:\Users\Avinoam\.javacpp\cache\jetified-javacpp-1.5.7-windows-x86_64.jar\org\bytedeco\javacpp\windows-x86_64\api-ms-win-core-namedpipe-l1-1-0.dll
0x00000211d0870000 - 0x00000211d0874000 	C:\Users\Avinoam\.javacpp\cache\jetified-javacpp-1.5.7-windows-x86_64.jar\org\bytedeco\javacpp\windows-x86_64\api-ms-win-core-handle-l1-1-0.dll
0x00000211d0880000 - 0x00000211d0884000 	C:\Users\Avinoam\.javacpp\cache\jetified-javacpp-1.5.7-windows-x86_64.jar\org\bytedeco\javacpp\windows-x86_64\api-ms-win-core-file-l2-1-0.dll
0x00000211d0890000 - 0x00000211d0894000 	C:\Users\Avinoam\.javacpp\cache\jetified-javacpp-1.5.7-windows-x86_64.jar\org\bytedeco\javacpp\windows-x86_64\api-ms-win-core-heap-l1-1-0.dll
0x00000211d08a0000 - 0x00000211d08a4000 	C:\Users\Avinoam\.javacpp\cache\jetified-javacpp-1.5.7-windows-x86_64.jar\org\bytedeco\javacpp\windows-x86_64\api-ms-win-core-libraryloader-l1-1-0.dll
0x00000211d08b0000 - 0x00000211d08b4000 	C:\Users\Avinoam\.javacpp\cache\jetified-javacpp-1.5.7-windows-x86_64.jar\org\bytedeco\javacpp\windows-x86_64\api-ms-win-core-synch-l1-1-0.dll
0x00000211d08c0000 - 0x00000211d08c4000 	C:\Users\Avinoam\.javacpp\cache\jetified-javacpp-1.5.7-windows-x86_64.jar\org\bytedeco\javacpp\windows-x86_64\api-ms-win-core-processthreads-l1-1-0.dll
0x00000211d08d0000 - 0x00000211d08d4000 	C:\Users\Avinoam\.javacpp\cache\jetified-javacpp-1.5.7-windows-x86_64.jar\org\bytedeco\javacpp\windows-x86_64\api-ms-win-core-processenvironment-l1-1-0.dll
0x00000211d08e0000 - 0x00000211d08e4000 	C:\Users\Avinoam\.javacpp\cache\jetified-javacpp-1.5.7-windows-x86_64.jar\org\bytedeco\javacpp\windows-x86_64\api-ms-win-core-datetime-l1-1-0.dll
0x00000211d08f0000 - 0x00000211d08f4000 	C:\Users\Avinoam\.javacpp\cache\jetified-javacpp-1.5.7-windows-x86_64.jar\org\bytedeco\javacpp\windows-x86_64\api-ms-win-core-localization-l1-2-0.dll
0x00000211d0900000 - 0x00000211d0904000 	C:\Users\Avinoam\.javacpp\cache\jetified-javacpp-1.5.7-windows-x86_64.jar\org\bytedeco\javacpp\windows-x86_64\api-ms-win-core-sysinfo-l1-1-0.dll
0x00000211d0910000 - 0x00000211d0914000 	C:\Users\Avinoam\.javacpp\cache\jetified-javacpp-1.5.7-windows-x86_64.jar\org\bytedeco\javacpp\windows-x86_64\api-ms-win-core-synch-l1-2-0.dll
0x00000211d0920000 - 0x00000211d0924000 	C:\Users\Avinoam\.javacpp\cache\jetified-javacpp-1.5.7-windows-x86_64.jar\org\bytedeco\javacpp\windows-x86_64\api-ms-win-core-console-l1-1-0.dll
0x00000211d2500000 - 0x00000211d2504000 	C:\Users\Avinoam\.javacpp\cache\jetified-javacpp-1.5.7-windows-x86_64.jar\org\bytedeco\javacpp\windows-x86_64\api-ms-win-core-debug-l1-1-0.dll
0x00000211d2510000 - 0x00000211d2514000 	C:\Users\Avinoam\.javacpp\cache\jetified-javacpp-1.5.7-windows-x86_64.jar\org\bytedeco\javacpp\windows-x86_64\api-ms-win-core-rtlsupport-l1-1-0.dll
0x00000211d2520000 - 0x00000211d2524000 	C:\Users\Avinoam\.javacpp\cache\jetified-javacpp-1.5.7-windows-x86_64.jar\org\bytedeco\javacpp\windows-x86_64\api-ms-win-core-processthreads-l1-1-1.dll
0x00000211d2530000 - 0x00000211d2534000 	C:\Users\Avinoam\.javacpp\cache\jetified-javacpp-1.5.7-windows-x86_64.jar\org\bytedeco\javacpp\windows-x86_64\api-ms-win-core-file-l1-2-0.dll
0x00000211d2540000 - 0x00000211d2544000 	C:\Users\Avinoam\.javacpp\cache\jetified-javacpp-1.5.7-windows-x86_64.jar\org\bytedeco\javacpp\windows-x86_64\api-ms-win-core-profile-l1-1-0.dll
0x00000211d2550000 - 0x00000211d2554000 	C:\Users\Avinoam\.javacpp\cache\jetified-javacpp-1.5.7-windows-x86_64.jar\org\bytedeco\javacpp\windows-x86_64\api-ms-win-core-memory-l1-1-0.dll
0x00000211d2560000 - 0x00000211d2564000 	C:\Users\Avinoam\.javacpp\cache\jetified-javacpp-1.5.7-windows-x86_64.jar\org\bytedeco\javacpp\windows-x86_64\api-ms-win-core-util-l1-1-0.dll
0x00000211d2570000 - 0x00000211d2574000 	C:\Users\Avinoam\.javacpp\cache\jetified-javacpp-1.5.7-windows-x86_64.jar\org\bytedeco\javacpp\windows-x86_64\api-ms-win-core-interlocked-l1-1-0.dll
0x00007fff588a0000 - 0x00007fff589b1000 	C:\Users\Avinoam\.javacpp\cache\jetified-javacpp-1.5.7-windows-x86_64.jar\org\bytedeco\javacpp\windows-x86_64\ucrtbase.dll
0x00007fff80af0000 - 0x00007fff80b0b000 	C:\Users\Avinoam\.javacpp\cache\jetified-javacpp-1.5.7-windows-x86_64.jar\org\bytedeco\javacpp\windows-x86_64\vcruntime140.dll
0x00007fff806f0000 - 0x00007fff806fc000 	C:\Users\Avinoam\.javacpp\cache\jetified-javacpp-1.5.7-windows-x86_64.jar\org\bytedeco\javacpp\windows-x86_64\vcruntime140_1.dll
0x00007fff60730000 - 0x00007fff607bd000 	C:\Users\Avinoam\.javacpp\cache\jetified-javacpp-1.5.7-windows-x86_64.jar\org\bytedeco\javacpp\windows-x86_64\msvcp140.dll
0x00007fff806e0000 - 0x00007fff806e9000 	C:\Users\Avinoam\.javacpp\cache\jetified-javacpp-1.5.7-windows-x86_64.jar\org\bytedeco\javacpp\windows-x86_64\msvcp140_1.dll
0x00007fff590f0000 - 0x00007fff5913e000 	C:\Users\Avinoam\.javacpp\cache\jetified-javacpp-1.5.7-windows-x86_64.jar\org\bytedeco\javacpp\windows-x86_64\concrt140.dll
0x00007fff643f0000 - 0x00007fff64421000 	C:\Users\Avinoam\.javacpp\cache\jetified-javacpp-1.5.7-windows-x86_64.jar\org\bytedeco\javacpp\windows-x86_64\vcomp140.dll
0x00007fff806d0000 - 0x00007fff806de000 	C:\Users\Avinoam\.javacpp\cache\jetified-javacpp-1.5.7-windows-x86_64.jar\org\bytedeco\javacpp\windows-x86_64\jnijavacpp.dll
0x000000006d7c0000 - 0x000000006f369000 	C:\Users\Avinoam\.javacpp\cache\jetified-openblas-0.3.19-1.5.7-windows-x86_64.jar\org\bytedeco\openblas\windows-x86_64\libopenblas_nolapack.dll
0x00007fff587e0000 - 0x00007fff5883e000 	C:\Users\Avinoam\.javacpp\cache\jetified-openblas-0.3.19-1.5.7-windows-x86_64.jar\org\bytedeco\openblas\windows-x86_64\jniopenblas_nolapack.dll
0x0000000000a10000 - 0x00000000025b9000 	C:\Users\Avinoam\.javacpp\cache\jetified-openblas-0.3.19-1.5.7-windows-x86_64.jar\org\bytedeco\openblas\windows-x86_64\libopenblas.dll
0x00007fff06560000 - 0x00007fff07914000 	C:\Users\Avinoam\.javacpp\cache\jetified-openblas-0.3.19-1.5.7-windows-x86_64.jar\org\bytedeco\openblas\windows-x86_64\jniopenblas.dll
0x00007fff16f70000 - 0x00007fff1740f000 	C:\Users\Avinoam\.javacpp\cache\jetified-opencv-4.5.5-1.5.7-windows-x86_64.jar\org\bytedeco\opencv\windows-x86_64\opencv_core455.dll
0x00007fff0ffb0000 - 0x00007fff1070f000 	C:\Users\Avinoam\.javacpp\cache\jetified-opencv-4.5.5-1.5.7-windows-x86_64.jar\org\bytedeco\opencv\windows-x86_64\opencv_imgproc455.dll
0x00007fff57390000 - 0x00007fff57623000 	C:\Users\Avinoam\.javacpp\cache\jetified-opencv-4.5.5-1.5.7-windows-x86_64.jar\org\bytedeco\opencv\windows-x86_64\jniopencv_core.dll
0x00007fff1bf80000 - 0x00007fff1c0a1000 	C:\Users\Avinoam\.javacpp\cache\jetified-opencv-4.5.5-1.5.7-windows-x86_64.jar\org\bytedeco\opencv\windows-x86_64\jniopencv_imgproc.dll
0x00007fff16b40000 - 0x00007fff16f66000 	C:\Users\Avinoam\.javacpp\cache\jetified-opencv-4.5.5-1.5.7-windows-x86_64.jar\org\bytedeco\opencv\windows-x86_64\opencv_imgcodecs455.dll
0x00007fff606f0000 - 0x00007fff60722000 	C:\Users\Avinoam\.javacpp\cache\jetified-opencv-4.5.5-1.5.7-windows-x86_64.jar\org\bytedeco\opencv\windows-x86_64\jniopencv_imgcodecs.dll

dbghelp: loaded successfully - version: 4.0.5 - missing functions: none
symbol engine: initialized successfully - sym options: 0x614 - pdb path: .;C:\Program Files\Android\Android Studio\jre\bin;C:\WINDOWS\SYSTEM32;C:\WINDOWS\WinSxS\amd64_microsoft.windows.common-controls_6595b64144ccf1df_6.0.19041.1110_none_60b5254171f9507e;C:\Program Files\Android\Android Studio\jre\bin\server;C:\Users\Avinoam\.javacpp\cache\jetified-javacpp-1.5.7-windows-x86_64.jar\org\bytedeco\javacpp\windows-x86_64;C:\Users\Avinoam\.javacpp\cache\jetified-openblas-0.3.19-1.5.7-windows-x86_64.jar\org\bytedeco\openblas\windows-x86_64;C:\Users\Avinoam\.javacpp\cache\jetified-opencv-4.5.5-1.5.7-windows-x86_64.jar\org\bytedeco\opencv\windows-x86_64

VM Arguments:
jvm_args: -Djava.awt.headless=true -Dorg.gradle.internal.worker.tmpdir=C:\Users\Avinoam\AndroidStudioProjects\set_solver\app\build\tmp\testDebugUnitTest\work -Dorg.gradle.native=false --add-opens=java.base/java.util=ALL-UNNAMED --add-opens=java.base/java.lang=ALL-UNNAMED -Xmx512m -Dfile.encoding=UTF-8 -Duser.country=US -Duser.language=en -Duser.variant -ea 
java_command: worker.org.gradle.process.internal.worker.GradleWorkerMain 'Gradle Test Executor 11'
java_class_path (initial): C:\\Users\\Avinoam\\.gradle\\caches\\7.0.2\\workerMain\\gradle-worker.jar;C:\\Users\\Avinoam\\AndroidStudioProjects\\set_solver\\app\\build\\intermediates\\unit_test_config_directory\\debugUnitTest\\out;C:\\Users\\Avinoam\\AndroidStudioProjects\\set_solver\\app\\build\\intermediates\\javac\\debugUnitTest\\classes;C:\\Users\\Avinoam\\AndroidStudioProjects\\set_solver\\app\\build\\intermediates\\java_res\\debugUnitTest\\out;C:\\Users\\Avinoam\\AndroidStudioProjects\\set_solver\\app\\build\\intermediates\\app_classes\\debug\\classes.jar;C:\\Users\\Avinoam\\.gradle\\caches\\transforms-3\\0f523c73af7d00088ea9b0e3fe4dd3ab\\transformed\\jetified-tensorflow-lite-support-0.1.0-runtime.jar;C:\\Users\\Avinoam\\.gradle\\caches\\transforms-3\\5fc487ace271644e4b5f669f31747183\\transformed\\jetified-tensorflow-lite-metadata-0.1.0.jar;C:\\Users\\Avinoam\\.gradle\\caches\\transforms-3\\903535bb3ec344a4187b68f441457184\\transformed\\jetified-tensorflow-lite-gpu-2.3.0-runtime.jar;C:\\Users\\Avinoam\\.gradle\\caches\\transforms-3\\2a12823c5269e1b5b60df78c7038cd3f\\transformed\\jetified-junit-4.13.2.jar;C:\\Users\\Avinoam\\.gradle\\caches\\transforms-3\\cc0ac0e0bd37063425098bc319fe2022\\transformed\\jetified-robolectric-4.6.jar;C:\\Users\\Avinoam\\.gradle\\caches\\transforms-3\\6add48acad68f749e099aad76994bb5c\\transformed\\material-1.4.0-runtime.jar;C:\\Users\\Avinoam\\.gradle\\caches\\transforms-3\\e71a021df614f7917ebcd27e91fbf779\\transformed\\constraintlayout-2.1.3-runtime.jar;C:\\Users\\Avinoam\\.gradle\\caches\\transforms-3\\2e6dfe17d57a85b9026b42d73952cd5c\\transformed\\appcompat-1.4.0-runtime.jar;C:\\Users\\Avinoam\\.gradle\\caches\\transforms-3\\c291c793ffdbde2aa8f589f5da1249bd\\transformed\\jetified-camera-lifecycle-1.0.2-runtime.jar;C:\\Users\\Avinoam\\.gradle\\caches\\transforms-3\\43f3994e0118dceeceabcdea2cccc863\\transformed\\jetified-javacv-platform-1.5.7.jar;C:\\Users\\Avinoam\\.gradle\\caches\\transforms-3\\d2430debc2eb33d9fae3263e72b921be\\
Launcher Type: SUN_STANDARD

[Global flags]
     intx CICompilerCount                          = 3                                         {product} {ergonomic}
     uint ConcGCThreads                            = 1                                         {product} {ergonomic}
     uint G1ConcRefinementThreads                  = 4                                         {product} {ergonomic}
   size_t G1HeapRegionSize                         = 1048576                                   {product} {ergonomic}
    uintx GCDrainStackTargetSize                   = 64                                        {product} {ergonomic}
   size_t InitialHeapSize                          = 268435456                                 {product} {ergonomic}
   size_t MarkStackSize                            = 4194304                                   {product} {ergonomic}
   size_t MaxHeapSize                              = 536870912                                 {product} {command line}
   size_t MaxNewSize                               = 321912832                                 {product} {ergonomic}
   size_t MinHeapDeltaBytes                        = 1048576                                   {product} {ergonomic}
    uintx NonNMethodCodeHeapSize                   = 5830732                                {pd product} {ergonomic}
    uintx NonProfiledCodeHeapSize                  = 122913754                              {pd product} {ergonomic}
    uintx ProfiledCodeHeapSize                     = 122913754                              {pd product} {ergonomic}
    uintx ReservedCodeCacheSize                    = 251658240                              {pd product} {ergonomic}
     bool SegmentedCodeCache                       = true                                      {product} {ergonomic}
     bool UseCompressedClassPointers               = true                                 {lp64_product} {ergonomic}
     bool UseCompressedOops                        = true                                 {lp64_product} {ergonomic}
     bool UseG1GC                                  = true                                      {product} {ergonomic}
     bool UseLargePagesIndividualAllocation        = false                                  {pd product} {ergonomic}

Logging:
Log output configuration:
 #0: stdout all=warning uptime,level,tags
 #1: stderr all=off uptime,level,tags

Environment Variables:
JAVA_HOME=C:\Program Files\Java\jdk-16.0.1
PATH=C:\Program Files\Common Files\Oracle\Java\javapath;C:\Program Files (x86)\Common Files\Oracle\Java\javapath;C:\Users\Avinoam\AppData\Local\Programs\Python\Python37;C:\Program Files (x86)\PC Connectivity Solution\;C:\Program Files (x86)\Intel\iCLS Client\;C:\Program Files\Intel\iCLS Client\;C:\WINDOWS\system32;C:\WINDOWS;C:\WINDOWS\System32\Wbem;C:\WINDOWS\System32\WindowsPowerShell\v1.0\;C:\Program Files\Lenovo\Bluetooth Software\;C:\Program Files\Lenovo\Bluetooth Software\syswow64;C:\Program Files\Intel\Intel(R) Management Engine Components\DAL;C:\Program Files\Intel\Intel(R) Management Engine Components\IPT;C:\Program Files (x86)\Intel\Intel(R) Management Engine Components\DAL;C:\Program Files (x86)\Intel\Intel(R) Management Engine Components\IPT;C:\Program Files (x86)\Windows Live\Shared;C:\WINDOWS\System32\OpenSSH\;C:\MinGW\bin;C:\Program Files\nodejs\;C:\Program Files (x86)\Vagrant\bin;C:\cygwin\bin;C:\Program Files\7-Zip\;C:\Users\Avinoam\adb-fastboot\platform-tools;C:\SiliconLabs\SimplicityStudio\v4_2\developer\toolchains\gnu_arm\7.2_2017q4\bin;C:\Users\Avinoam\Documents\avinoam\ffmpeg-4.3.1-2020-11-19-full_build\bin;C:\Program Files\MATLAB\R2021b\bin;C:\ProgramData\Anaconda3\Scripts;C:\Users\Avinoam\Miniconda3;C:\Users\Avinoam\Miniconda3\Library\mingw-w64\bin;C:\Users\Avinoam\Miniconda3\Library\usr\bin;C:\Users\Avinoam\Miniconda3\Library\bin;C:\Users\Avinoam\Miniconda3\Scripts;C:\Users\Avinoam\AppData\Local\Programs\Python\Python37\Scripts\;C:\Users\Avinoam\AppData\Local\Programs\Python\Python37\;C:\Users\Avinoam\AppData\Local\Microsoft\WindowsApps;C:\Users\Avinoam\AppData\Local\Programs\Git\cmd;C:\Users\Avinoam\AppData\Roaming\npm;C:\Users\Avinoam\AppData\Local\Programs\Microsoft VS Code\bin;C:\Users\Avinoam\AppData\Local\GitHubDesktop\bin
USERNAME=Avinoam
OS=Windows_NT
PROCESSOR_IDENTIFIER=Intel64 Family 6 Model 60 Stepping 3, GenuineIntel



---------------  S Y S T E M  ---------------

OS: Windows 10 , 64 bit Build 19041 (10.0.19041.1566)
OS uptime: 11 days 21:53 hours
Hyper-V role detected

CPU:total 4 (initial active 4) (2 cores per cpu, 2 threads per core) family 6 model 60 stepping 3 microcode 0x27, cmov, cx8, fxsr, mmx, sse, sse2, sse3, ssse3, sse4.1, sse4.2, popcnt, avx, avx2, aes, clmul, erms, lzcnt, ht, tsc, tscinvbit, bmi1, bmi2, fma

Memory: 4k page, system-wide physical 16296M (2831M free)
TotalPageFile size 35061M (AvailPageFile size 5703M)
current process WorkingSet (physical memory assigned to process): 423M, peak: 423M
current process commit charge ("private bytes"): 1243M, peak: 1243M

vm_info: OpenJDK 64-Bit Server VM (11.0.10+0-b96-7249189) for windows-amd64 JRE (11.0.10+0-b96-7249189), built on Mar 31 2021 21:44:00 by "builder" with MS VC++ 14.0 (VS2015)

END.
